<?xml version="1.0" encoding="UTF-8"?>
<coverage generated="1781955494854" clover="3.2.0">
  <project timestamp="1781955494854" name="All files">
    <metrics statements="526" coveredstatements="416" conditionals="214" coveredconditionals="159" methods="122" coveredmethods="102" elements="862" coveredelements="677" complexity="0" loc="526" ncloc="526" packages="1" files="8" classes="8"/>
    <file name="FpsTracker.ts" path="D:\BIAN\OPIC\src\lib\performance\FpsTracker.ts">
      <metrics statements="55" coveredstatements="49" conditionals="16" coveredconditionals="12" methods="11" coveredmethods="11"/>
      <line num="13" count="2" type="stmt"/>
      <line num="14" count="16" type="stmt"/>
      <line num="15" count="16" type="stmt"/>
      <line num="16" count="16" type="stmt"/>
      <line num="17" count="16" type="stmt"/>
      <line num="18" count="16" type="stmt"/>
      <line num="19" count="16" type="stmt"/>
      <line num="20" count="16" type="stmt"/>
      <line num="21" count="16" type="stmt"/>
      <line num="24" count="16" type="stmt"/>
      <line num="28" count="6" type="stmt"/>
      <line num="29" count="6" type="stmt"/>
      <line num="30" count="6" type="stmt"/>
      <line num="31" count="6" type="stmt"/>
      <line num="32" count="6" type="stmt"/>
      <line num="36" count="6" type="stmt"/>
      <line num="37" count="6" type="cond" truecount="2" falsecount="0"/>
      <line num="38" count="5" type="stmt"/>
      <line num="39" count="5" type="stmt"/>
      <line num="43" count="16" type="stmt"/>
      <line num="44" count="6" type="cond" truecount="1" falsecount="1"/>
      <line num="46" count="6" type="stmt"/>
      <line num="47" count="6" type="stmt"/>
      <line num="49" count="6" type="cond" truecount="1" falsecount="1"/>
      <line num="50" count="0" type="stmt"/>
      <line num="51" count="0" type="stmt"/>
      <line num="52" count="0" type="stmt"/>
      <line num="54" count="0" type="stmt"/>
      <line num="55" count="0" type="cond" truecount="0" falsecount="2"/>
      <line num="56" count="0" type="stmt"/>
      <line num="60" count="6" type="stmt"/>
      <line num="61" count="6" type="stmt"/>
      <line num="63" count="6" type="stmt"/>
      <line num="67" count="76" type="stmt"/>
      <line num="68" count="76" type="stmt"/>
      <line num="70" count="76" type="cond" truecount="2" falsecount="0"/>
      <line num="71" count="75" type="stmt"/>
      <line num="72" count="75" type="stmt"/>
      <line num="73" count="75" type="stmt"/>
      <line num="75" count="75" type="stmt"/>
      <line num="76" count="75" type="cond" truecount="2" falsecount="0"/>
      <line num="77" count="10" type="stmt"/>
      <line num="81" count="76" type="stmt"/>
      <line num="82" count="76" type="stmt"/>
      <line num="86" count="11" type="stmt"/>
      <line num="90" count="11" type="cond" truecount="2" falsecount="0"/>
      <line num="91" count="61" type="stmt"/>
      <line num="92" count="2" type="stmt"/>
      <line num="96" count="8" type="cond" truecount="2" falsecount="0"/>
      <line num="97" count="1" type="stmt"/>
      <line num="104" count="8" type="stmt"/>
      <line num="108" count="1" type="stmt"/>
      <line num="109" count="1" type="stmt"/>
      <line num="110" count="1" type="stmt"/>
      <line num="111" count="1" type="stmt"/>
    </file>
    <file name="MetricsStorage.ts" path="D:\BIAN\OPIC\src\lib\performance\MetricsStorage.ts">
      <metrics statements="37" coveredstatements="35" conditionals="18" coveredconditionals="14" methods="11" coveredmethods="11"/>
      <line num="20" count="2" type="stmt"/>
      <line num="21" count="15" type="stmt"/>
      <line num="22" count="15" type="stmt"/>
      <line num="23" count="15" type="stmt"/>
      <line num="24" count="15" type="stmt"/>
      <line num="27" count="4" type="cond" truecount="3" falsecount="1"/>
      <line num="29" count="4" type="stmt"/>
      <line num="30" count="4" type="stmt"/>
      <line num="31" count="4" type="cond" truecount="2" falsecount="0"/>
      <line num="32" count="2" type="stmt"/>
      <line num="35" count="1" type="stmt"/>
      <line num="36" count="1" type="stmt"/>
      <line num="41" count="6" type="cond" truecount="3" falsecount="1"/>
      <line num="43" count="6" type="stmt"/>
      <line num="44" count="6" type="stmt"/>
      <line num="45" count="6" type="stmt"/>
      <line num="47" count="6" type="cond" truecount="1" falsecount="1"/>
      <line num="48" count="0" type="stmt"/>
      <line num="51" count="6" type="stmt"/>
      <line num="53" count="1" type="stmt"/>
      <line num="55" count="1" type="cond" truecount="3" falsecount="1"/>
      <line num="56" count="1" type="stmt"/>
      <line num="57" count="1" type="stmt"/>
      <line num="58" count="1" type="stmt"/>
      <line num="60" count="0" type="stmt"/>
      <line num="67" count="2" type="stmt"/>
      <line num="68" count="2" type="stmt"/>
      <line num="69" count="2" type="stmt"/>
      <line num="73" count="25" type="stmt"/>
      <line num="74" count="25" type="stmt"/>
      <line num="84" count="16" type="cond" truecount="2" falsecount="0"/>
      <line num="85" count="1" type="stmt"/>
      <line num="86" count="2" type="stmt"/>
      <line num="90" count="2" type="stmt"/>
      <line num="91" count="2" type="stmt"/>
      <line num="92" count="2" type="stmt"/>
      <line num="96" count="1" type="stmt"/>
    </file>
    <file name="OrbitalInterpolator.ts" path="D:\BIAN\OPIC\src\lib\performance\OrbitalInterpolator.ts">
      <metrics statements="120" coveredstatements="79" conditionals="47" coveredconditionals="31" methods="13" coveredmethods="12"/>
      <line num="16" count="1" type="stmt"/>
      <line num="66" count="1" type="stmt"/>
      <line num="69" count="18" type="stmt"/>
      <line num="73" count="18" type="stmt"/>
      <line num="74" count="18" type="stmt"/>
      <line num="75" count="18" type="stmt"/>
      <line num="76" count="18" type="stmt"/>
      <line num="77" count="18" type="stmt"/>
      <line num="80" count="18" type="stmt"/>
      <line num="81" count="18" type="stmt"/>
      <line num="98" count="18" type="stmt"/>
      <line num="99" count="18" type="stmt"/>
      <line num="101" count="18" type="cond" truecount="2" falsecount="0"/>
      <line num="102" count="1" type="stmt"/>
      <line num="104" count="1" type="stmt"/>
      <line num="105" count="1" type="cond" truecount="1" falsecount="1"/>
      <line num="113" count="1" type="cond" truecount="1" falsecount="1"/>
      <line num="115" count="1" type="stmt"/>
      <line num="125" count="1" type="cond" truecount="1" falsecount="1"/>
      <line num="126" count="1" type="stmt"/>
      <line num="132" count="1" type="stmt"/>
      <line num="134" count="17" type="stmt"/>
      <line num="144" count="17" type="cond" truecount="2" falsecount="0"/>
      <line num="145" count="9" type="stmt"/>
      <line num="151" count="17" type="stmt"/>
      <line num="164" count="10" type="stmt"/>
      <line num="165" count="10" type="stmt"/>
      <line num="166" count="10" type="stmt"/>
      <line num="169" count="10" type="cond" truecount="4" falsecount="0"/>
      <line num="170" count="2" type="stmt"/>
      <line num="174" count="8" type="stmt"/>
      <line num="175" count="8" type="stmt"/>
      <line num="177" count="8" type="cond" truecount="1" falsecount="1"/>
      <line num="178" count="0" type="stmt"/>
      <line num="182" count="8" type="stmt"/>
      <line num="185" count="8" type="stmt"/>
      <line num="186" count="8" type="stmt"/>
      <line num="187" count="8" type="stmt"/>
      <line num="188" count="8" type="stmt"/>
      <line num="190" count="8" type="stmt"/>
      <line num="193" count="8" type="stmt"/>
      <line num="194" count="8" type="stmt"/>
      <line num="197" count="8" type="cond" truecount="2" falsecount="2"/>
      <line num="198" count="8" type="stmt"/>
      <line num="202" count="0" type="stmt"/>
      <line num="205" count="0" type="stmt"/>
      <line num="208" count="0" type="cond" truecount="0" falsecount="2"/>
      <line num="214" count="0" type="stmt"/>
      <line num="215" count="0" type="stmt"/>
      <line num="216" count="0" type="stmt"/>
      <line num="219" count="0" type="stmt"/>
      <line num="224" count="0" type="stmt"/>
      <line num="226" count="0" type="stmt"/>
      <line num="236" count="0" type="stmt"/>
      <line num="237" count="0" type="stmt"/>
      <line num="248" count="0" type="stmt"/>
      <line num="249" count="0" type="cond" truecount="0" falsecount="2"/>
      <line num="251" count="0" type="stmt"/>
      <line num="252" count="0" type="stmt"/>
      <line num="254" count="0" type="stmt"/>
      <line num="255" count="0" type="stmt"/>
      <line num="256" count="0" type="stmt"/>
      <line num="258" count="0" type="stmt"/>
      <line num="259" count="0" type="cond" truecount="0" falsecount="2"/>
      <line num="262" count="0" type="stmt"/>
      <line num="267" count="0" type="stmt"/>
      <line num="269" count="0" type="stmt"/>
      <line num="270" count="0" type="stmt"/>
      <line num="272" count="0" type="stmt"/>
      <line num="273" count="0" type="stmt"/>
      <line num="275" count="0" type="stmt"/>
      <line num="277" count="0" type="stmt"/>
      <line num="278" count="0" type="stmt"/>
      <line num="286" count="8" type="cond" truecount="2" falsecount="0"/>
      <line num="287" count="7" type="cond" truecount="2" falsecount="0"/>
      <line num="289" count="6" type="stmt"/>
      <line num="290" count="6" type="stmt"/>
      <line num="292" count="6" type="cond" truecount="4" falsecount="0"/>
      <line num="293" count="2" type="stmt"/>
      <line num="298" count="2" type="stmt"/>
      <line num="301" count="4" type="stmt"/>
      <line num="302" count="4" type="stmt"/>
      <line num="304" count="4" type="stmt"/>
      <line num="305" count="4" type="stmt"/>
      <line num="307" count="4" type="stmt"/>
      <line num="309" count="4" type="cond" truecount="1" falsecount="1"/>
      <line num="310" count="4" type="stmt"/>
      <line num="315" count="4" type="stmt"/>
      <line num="318" count="0" type="stmt"/>
      <line num="319" count="0" type="stmt"/>
      <line num="320" count="0" type="stmt"/>
      <line num="322" count="0" type="stmt"/>
      <line num="328" count="0" type="stmt"/>
      <line num="330" count="0" type="stmt"/>
      <line num="337" count="10" type="stmt"/>
      <line num="339" count="10" type="cond" truecount="2" falsecount="0"/>
      <line num="340" count="1" type="stmt"/>
      <line num="343" count="9" type="stmt"/>
      <line num="345" count="9" type="cond" truecount="2" falsecount="0"/>
      <line num="346" count="1" type="stmt"/>
      <line num="349" count="8" type="stmt"/>
      <line num="350" count="8" type="stmt"/>
      <line num="351" count="8" type="stmt"/>
      <line num="353" count="8" type="cond" truecount="3" falsecount="1"/>
      <line num="354" count="0" type="stmt"/>
      <line num="356" count="0" type="cond" truecount="0" falsecount="2"/>
      <line num="357" count="0" type="stmt"/>
      <line num="358" count="0" type="stmt"/>
      <line num="363" count="0" type="stmt"/>
      <line num="367" count="8" type="stmt"/>
      <line num="374" count="2" type="stmt"/>
      <line num="375" count="2" type="stmt"/>
      <line num="376" count="2" type="stmt"/>
      <line num="377" count="2" type="stmt"/>
      <line num="379" count="2" type="stmt"/>
      <line num="386" count="1" type="stmt"/>
      <line num="393" count="1" type="stmt"/>
      <line num="400" count="6" type="stmt"/>
      <line num="407" count="2" type="stmt"/>
      <line num="414" count="4" type="stmt"/>
    </file>
    <file name="PerformanceMonitor.ts" path="D:\BIAN\OPIC\src\lib\performance\PerformanceMonitor.ts">
      <metrics statements="153" coveredstatements="106" conditionals="83" coveredconditionals="59" methods="46" coveredmethods="29"/>
      <line num="38" count="1" type="stmt"/>
      <line num="39" count="1" type="stmt"/>
      <line num="40" count="1" type="stmt"/>
      <line num="41" count="1" type="stmt"/>
      <line num="47" count="1" type="stmt"/>
      <line num="48" count="1" type="stmt"/>
      <line num="55" count="1" type="stmt"/>
      <line num="56" count="1" type="stmt"/>
      <line num="59" count="1" type="stmt"/>
      <line num="60" count="1" type="stmt"/>
      <line num="61" count="1" type="stmt"/>
      <line num="62" count="1" type="stmt"/>
      <line num="65" count="1" type="stmt"/>
      <line num="66" count="1" type="stmt"/>
      <line num="67" count="1" type="stmt"/>
      <line num="68" count="1" type="stmt"/>
      <line num="69" count="1" type="stmt"/>
      <line num="72" count="1" type="stmt"/>
      <line num="73" count="1" type="stmt"/>
      <line num="76" count="1" type="stmt"/>
      <line num="81" count="1" type="stmt"/>
      <line num="84" count="1" type="stmt"/>
      <line num="85" count="1" type="stmt"/>
      <line num="86" count="1" type="stmt"/>
      <line num="88" count="1" type="cond" truecount="2" falsecount="0"/>
      <line num="89" count="1" type="cond" truecount="1" falsecount="1"/>
      <line num="91" count="1" type="stmt"/>
      <line num="92" count="1" type="stmt"/>
      <line num="93" count="1" type="stmt"/>
      <line num="97" count="21" type="cond" truecount="2" falsecount="0"/>
      <line num="98" count="1" type="stmt"/>
      <line num="100" count="21" type="stmt"/>
      <line num="104" count="1" type="cond" truecount="1" falsecount="1"/>
      <line num="105" count="0" type="stmt"/>
      <line num="106" count="0" type="stmt"/>
      <line num="109" count="1" type="stmt"/>
      <line num="110" count="1" type="stmt"/>
      <line num="112" count="1" type="cond" truecount="4" falsecount="1"/>
      <line num="113" count="0" type="stmt"/>
      <line num="114" count="0" type="stmt"/>
      <line num="118" count="1" type="stmt"/>
      <line num="122" count="1" type="cond" truecount="1" falsecount="1"/>
      <line num="124" count="1" type="stmt"/>
      <line num="125" count="1" type="stmt"/>
      <line num="127" count="1" type="cond" truecount="1" falsecount="1"/>
      <line num="128" count="0" type="stmt"/>
      <line num="129" count="0" type="stmt"/>
      <line num="132" count="1" type="stmt"/>
      <line num="136" count="0" type="stmt"/>
      <line num="143" count="1" type="stmt"/>
      <line num="147" count="1" type="stmt"/>
      <line num="151" count="1" type="stmt"/>
      <line num="155" count="6" type="cond" truecount="3" falsecount="1"/>
      <line num="156" count="0" type="stmt"/>
      <line num="159" count="6" type="stmt"/>
      <line num="163" count="6" type="cond" truecount="1" falsecount="1"/>
      <line num="164" count="6" type="stmt"/>
      <line num="167" count="0" type="stmt"/>
      <line num="177" count="20" type="cond" truecount="2" falsecount="0"/>
      <line num="178" count="20" type="stmt"/>
      <line num="179" count="16" type="stmt"/>
      <line num="183" count="2" type="stmt"/>
      <line num="184" count="2" type="cond" truecount="1" falsecount="1"/>
      <line num="185" count="0" type="stmt"/>
      <line num="190" count="1" type="stmt"/>
      <line num="191" count="1" type="cond" truecount="1" falsecount="1"/>
      <line num="192" count="0" type="stmt"/>
      <line num="197" count="1" type="stmt"/>
      <line num="198" count="1" type="cond" truecount="1" falsecount="1"/>
      <line num="199" count="0" type="stmt"/>
      <line num="204" count="1" type="stmt"/>
      <line num="205" count="1" type="cond" truecount="1" falsecount="1"/>
      <line num="206" count="0" type="stmt"/>
      <line num="211" count="0" type="stmt"/>
      <line num="215" count="0" type="stmt"/>
      <line num="219" count="0" type="stmt"/>
      <line num="223" count="0" type="stmt"/>
      <line num="229" count="2" type="stmt"/>
      <line num="230" count="2" type="stmt"/>
      <line num="232" count="2" type="cond" truecount="3" falsecount="1"/>
      <line num="233" count="2" type="stmt"/>
      <line num="238" count="2" type="stmt"/>
      <line num="239" count="2" type="stmt"/>
      <line num="241" count="2" type="cond" truecount="4" falsecount="0"/>
      <line num="242" count="1" type="stmt"/>
      <line num="243" count="1" type="stmt"/>
      <line num="246" count="1" type="stmt"/>
      <line num="247" count="1" type="stmt"/>
      <line num="249" count="1" type="cond" truecount="3" falsecount="1"/>
      <line num="250" count="1" type="stmt"/>
      <line num="253" count="1" type="stmt"/>
      <line num="257" count="1" type="stmt"/>
      <line num="261" count="7" type="stmt"/>
      <line num="265" count="1" type="stmt"/>
      <line num="266" count="1" type="stmt"/>
      <line num="268" count="1" type="cond" truecount="3" falsecount="1"/>
      <line num="269" count="1" type="stmt"/>
      <line num="270" count="1" type="stmt"/>
      <line num="271" count="0" type="stmt"/>
      <line num="277" count="4" type="stmt"/>
      <line num="283" count="0" type="stmt"/>
      <line num="287" count="0" type="stmt"/>
      <line num="296" count="1" type="cond" truecount="1" falsecount="1"/>
      <line num="297" count="1" type="cond" truecount="1" falsecount="1"/>
      <line num="298" count="1" type="cond" truecount="1" falsecount="1"/>
      <line num="299" count="1" type="cond" truecount="1" falsecount="1"/>
      <line num="305" count="5" type="stmt"/>
      <line num="306" count="5" type="stmt"/>
      <line num="308" count="5" type="stmt"/>
      <line num="345" count="1" type="stmt"/>
      <line num="349" count="1" type="stmt"/>
      <line num="350" count="1" type="stmt"/>
      <line num="351" count="1" type="stmt"/>
      <line num="363" count="1" type="stmt"/>
      <line num="364" count="33" type="cond" truecount="2" falsecount="0"/>
      <line num="365" count="32" type="stmt"/>
      <line num="368" count="0" type="stmt"/>
      <line num="369" count="0" type="stmt"/>
      <line num="374" count="1" type="stmt"/>
      <line num="380" count="1" type="stmt"/>
      <line num="381" count="1" type="stmt"/>
      <line num="385" count="0" type="stmt"/>
      <line num="386" count="0" type="stmt"/>
      <line num="387" count="0" type="stmt"/>
      <line num="389" count="0" type="stmt"/>
      <line num="390" count="0" type="stmt"/>
      <line num="391" count="0" type="stmt"/>
      <line num="399" count="1" type="stmt"/>
      <line num="401" count="1" type="stmt"/>
      <line num="425" count="0" type="stmt"/>
      <line num="433" count="0" type="stmt"/>
      <line num="434" count="0" type="stmt"/>
      <line num="435" count="0" type="stmt"/>
      <line num="436" count="0" type="stmt"/>
      <line num="437" count="0" type="stmt"/>
      <line num="438" count="0" type="stmt"/>
      <line num="439" count="0" type="stmt"/>
      <line num="440" count="0" type="stmt"/>
      <line num="441" count="0" type="stmt"/>
      <line num="442" count="0" type="stmt"/>
      <line num="443" count="0" type="stmt"/>
      <line num="444" count="0" type="stmt"/>
      <line num="445" count="0" type="stmt"/>
      <line num="446" count="0" type="stmt"/>
      <line num="450" count="1" type="stmt"/>
      <line num="452" count="1" type="stmt"/>
      <line num="453" count="0" type="stmt"/>
      <line num="456" count="1" type="stmt"/>
      <line num="457" count="0" type="stmt"/>
      <line num="460" count="1" type="stmt"/>
      <line num="461" count="0" type="stmt"/>
      <line num="464" count="1" type="stmt"/>
      <line num="465" count="0" type="stmt"/>
    </file>
    <file name="PositionInterpolator.ts" path="D:\BIAN\OPIC\src\lib\performance\PositionInterpolator.ts">
      <metrics statements="52" coveredstatements="46" conditionals="17" coveredconditionals="16" methods="12" coveredmethods="12"/>
      <line num="15" count="1" type="stmt"/>
      <line num="68" count="1" type="stmt"/>
      <line num="81" count="23" type="stmt"/>
      <line num="82" count="23" type="stmt"/>
      <line num="103" count="22" type="stmt"/>
      <line num="104" count="22" type="stmt"/>
      <line num="106" count="22" type="cond" truecount="2" falsecount="0"/>
      <line num="108" count="2" type="stmt"/>
      <line num="110" count="2" type="stmt"/>
      <line num="121" count="20" type="stmt"/>
      <line num="148" count="12" type="stmt"/>
      <line num="150" count="12" type="cond" truecount="2" falsecount="0"/>
      <line num="152" count="1" type="stmt"/>
      <line num="156" count="11" type="stmt"/>
      <line num="158" count="11" type="cond" truecount="2" falsecount="0"/>
      <line num="160" count="1" type="stmt"/>
      <line num="163" count="10" type="stmt"/>
      <line num="164" count="10" type="stmt"/>
      <line num="167" count="10" type="stmt"/>
      <line num="170" count="10" type="stmt"/>
      <line num="174" count="10" type="stmt"/>
      <line num="180" count="10" type="stmt"/>
      <line num="196" count="10" type="cond" truecount="2" falsecount="0"/>
      <line num="197" count="8" type="cond" truecount="2" falsecount="0"/>
      <line num="200" count="6" type="stmt"/>
      <line num="201" count="6" type="stmt"/>
      <line num="204" count="6" type="cond" truecount="4" falsecount="0"/>
      <line num="205" count="2" type="stmt"/>
      <line num="213" count="4" type="stmt"/>
      <line num="214" count="4" type="stmt"/>
      <line num="217" count="4" type="stmt"/>
      <line num="220" count="4" type="stmt"/>
      <line num="223" count="4" type="stmt"/>
      <line num="226" count="4" type="cond" truecount="1" falsecount="1"/>
      <line num="227" count="4" type="stmt"/>
      <line num="235" count="0" type="stmt"/>
      <line num="236" count="0" type="stmt"/>
      <line num="237" count="0" type="stmt"/>
      <line num="240" count="0" type="stmt"/>
      <line num="247" count="0" type="stmt"/>
      <line num="250" count="0" type="stmt"/>
      <line num="272" count="2" type="stmt"/>
      <line num="274" count="2" type="stmt"/>
      <line num="275" count="2" type="stmt"/>
      <line num="276" count="2" type="stmt"/>
      <line num="279" count="2" type="stmt"/>
      <line num="295" count="1" type="stmt"/>
      <line num="309" count="1" type="stmt"/>
      <line num="320" count="5" type="stmt"/>
      <line num="332" count="7" type="stmt"/>
      <line num="343" count="1" type="stmt"/>
      <line num="352" count="3" type="stmt"/>
    </file>
    <file name="QualityController.ts" path="D:\BIAN\OPIC\src\lib\performance\QualityController.ts">
      <metrics statements="90" coveredstatements="83" conditionals="31" coveredconditionals="26" methods="16" coveredmethods="16"/>
      <line num="17" count="1" type="stmt"/>
      <line num="46" count="1" type="cond" truecount="2" falsecount="0"/>
      <line num="48" count="1" type="stmt"/>
      <line num="50" count="1" type="stmt"/>
      <line num="52" count="1" type="stmt"/>
      <line num="78" count="1" type="stmt"/>
      <line num="115" count="20" type="stmt"/>
      <line num="118" count="20" type="stmt"/>
      <line num="124" count="20" type="stmt"/>
      <line num="125" count="20" type="stmt"/>
      <line num="128" count="20" type="stmt"/>
      <line num="129" count="20" type="stmt"/>
      <line num="132" count="20" type="stmt"/>
      <line num="133" count="20" type="stmt"/>
      <line num="136" count="20" type="stmt"/>
      <line num="139" count="20" type="stmt"/>
      <line num="165" count="15" type="stmt"/>
      <line num="168" count="15" type="cond" truecount="2" falsecount="0"/>
      <line num="169" count="2" type="stmt"/>
      <line num="172" count="13" type="stmt"/>
      <line num="175" count="13" type="cond" truecount="2" falsecount="0"/>
      <line num="176" count="7" type="cond" truecount="2" falsecount="0"/>
      <line num="177" count="4" type="stmt"/>
      <line num="178" count="3" type="cond" truecount="2" falsecount="0"/>
      <line num="180" count="2" type="stmt"/>
      <line num="181" count="2" type="stmt"/>
      <line num="182" count="2" type="stmt"/>
      <line num="183" count="2" type="stmt"/>
      <line num="187" count="6" type="stmt"/>
      <line num="191" count="13" type="cond" truecount="2" falsecount="0"/>
      <line num="192" count="6" type="cond" truecount="2" falsecount="0"/>
      <line num="193" count="3" type="stmt"/>
      <line num="194" count="3" type="cond" truecount="2" falsecount="0"/>
      <line num="196" count="2" type="stmt"/>
      <line num="197" count="2" type="stmt"/>
      <line num="198" count="2" type="stmt"/>
      <line num="199" count="2" type="stmt"/>
      <line num="203" count="7" type="stmt"/>
      <line num="216" count="2" type="cond" truecount="2" falsecount="0"/>
      <line num="218" count="1" type="stmt"/>
      <line num="221" count="1" type="cond" truecount="1" falsecount="1"/>
      <line num="223" count="0" type="stmt"/>
      <line num="224" count="0" type="stmt"/>
      <line num="225" count="0" type="stmt"/>
      <line num="226" count="1" type="cond" truecount="1" falsecount="1"/>
      <line num="228" count="1" type="stmt"/>
      <line num="229" count="1" type="stmt"/>
      <line num="230" count="1" type="stmt"/>
      <line num="231" count="1" type="stmt"/>
      <line num="244" count="2" type="cond" truecount="2" falsecount="0"/>
      <line num="246" count="1" type="stmt"/>
      <line num="249" count="1" type="cond" truecount="1" falsecount="1"/>
      <line num="251" count="1" type="stmt"/>
      <line num="252" count="1" type="stmt"/>
      <line num="253" count="1" type="stmt"/>
      <line num="254" count="1" type="stmt"/>
      <line num="255" count="0" type="cond" truecount="0" falsecount="2"/>
      <line num="257" count="0" type="stmt"/>
      <line num="258" count="0" type="stmt"/>
      <line num="259" count="0" type="stmt"/>
      <line num="275" count="10" type="stmt"/>
      <line num="292" count="2" type="stmt"/>
      <line num="298" count="2" type="stmt"/>
      <line num="307" count="12" type="stmt"/>
      <line num="316" count="10" type="stmt"/>
      <line num="319" count="10" type="cond" truecount="3" falsecount="0"/>
      <line num="321" count="5" type="stmt"/>
      <line num="322" count="5" type="stmt"/>
      <line num="323" count="5" type="stmt"/>
      <line num="324" count="5" type="stmt"/>
      <line num="326" count="1" type="stmt"/>
      <line num="327" count="1" type="stmt"/>
      <line num="328" count="1" type="stmt"/>
      <line num="329" count="1" type="stmt"/>
      <line num="331" count="4" type="stmt"/>
      <line num="332" count="4" type="stmt"/>
      <line num="333" count="4" type="stmt"/>
      <line num="334" count="4" type="stmt"/>
      <line num="338" count="10" type="stmt"/>
      <line num="347" count="2" type="stmt"/>
      <line num="356" count="2" type="stmt"/>
      <line num="366" count="1" type="stmt"/>
      <line num="375" count="3" type="stmt"/>
      <line num="384" count="7" type="stmt"/>
      <line num="393" count="1" type="stmt"/>
      <line num="402" count="1" type="stmt"/>
      <line num="403" count="1" type="stmt"/>
      <line num="404" count="1" type="stmt"/>
      <line num="405" count="1" type="stmt"/>
      <line num="407" count="1" type="stmt"/>
    </file>
    <file name="WebVitalsCollector.ts" path="D:\BIAN\OPIC\src\lib\performance\WebVitalsCollector.ts">
      <metrics statements="13" coveredstatements="13" conditionals="2" coveredconditionals="1" methods="10" coveredmethods="10"/>
      <line num="13" count="2" type="stmt"/>
      <line num="14" count="7" type="stmt"/>
      <line num="17" count="4" type="cond" truecount="1" falsecount="1"/>
      <line num="19" count="4" type="stmt"/>
      <line num="20" count="8" type="stmt"/>
      <line num="22" count="4" type="stmt"/>
      <line num="23" count="3" type="stmt"/>
      <line num="24" count="3" type="stmt"/>
      <line num="25" count="3" type="stmt"/>
      <line num="26" count="3" type="stmt"/>
      <line num="28" count="1" type="stmt"/>
      <line num="33" count="11" type="stmt"/>
      <line num="37" count="1" type="stmt"/>
    </file>
    <file name="performanceConfig.ts" path="D:\BIAN\OPIC\src\lib\performance\performanceConfig.ts">
      <metrics statements="6" coveredstatements="5" conditionals="0" coveredconditionals="0" methods="3" coveredmethods="1"/>
      <line num="64" count="2" type="stmt"/>
      <line num="65" count="2" type="stmt"/>
      <line num="79" count="2" type="stmt"/>
      <line num="89" count="2" type="stmt"/>
      <line num="90" count="0" type="stmt"/>
      <line num="96" count="2" type="stmt"/>
    </file>
  </project>
</coverage>
