{"D:\\BIAN\\OPIC\\src\\lib\\performance\\FpsTracker.ts": {"path":"D:\\BIAN\\OPIC\\src\\lib\\performance\\FpsTracker.ts","statementMap":{"0":{"start":{"line":14,"column":10},"end":{"line":14,"column":27}},"1":{"start":{"line":15,"column":10},"end":{"line":15,"column":36}},"2":{"start":{"line":16,"column":10},"end":{"line":16,"column":33}},"3":{"start":{"line":17,"column":10},"end":{"line":17,"column":36}},"4":{"start":{"line":18,"column":10},"end":{"line":18,"column":36}},"5":{"start":{"line":19,"column":19},"end":{"line":19,"column":41}},"6":{"start":{"line":20,"column":10},"end":{"line":20,"column":38}},"7":{"start":{"line":21,"column":10},"end":{"line":21,"column":40}},"8":{"start":{"line":43,"column":10},"end":{"line":64,"column":4}},"9":{"start":{"line":44,"column":4},"end":{"line":44,"column":35}},"10":{"start":{"line":44,"column":28},"end":{"line":44,"column":35}},"11":{"start":{"line":46,"column":24},"end":{"line":46,"column":41}},"12":{"start":{"line":47,"column":22},"end":{"line":47,"column":54}},"13":{"start":{"line":49,"column":4},"end":{"line":58,"column":5}},"14":{"start":{"line":50,"column":25},"end":{"line":50,"column":41}},"15":{"start":{"line":51,"column":6},"end":{"line":51,"column":28}},"16":{"start":{"line":52,"column":6},"end":{"line":52,"column":33}},"17":{"start":{"line":54,"column":6},"end":{"line":54,"column":39}},"18":{"start":{"line":55,"column":6},"end":{"line":57,"column":7}},"19":{"start":{"line":56,"column":8},"end":{"line":56,"column":32}},"20":{"start":{"line":60,"column":4},"end":{"line":60,"column":22}},"21":{"start":{"line":61,"column":4},"end":{"line":61,"column":37}},"22":{"start":{"line":63,"column":4},"end":{"line":63,"column":58}},"23":{"start":{"line":24,"column":4},"end":{"line":24,"column":43}},"24":{"start":{"line":28,"column":4},"end":{"line":28,"column":29}},"25":{"start":{"line":29,"column":4},"end":{"line":29,"column":24}},"26":{"start":{"line":30,"column":4},"end":{"line":30,"column":43}},"27":{"start":{"line":31,"column":4},"end":{"line":31,"column":25}},"28":{"start":{"line":32,"column":4},"end":{"line":32,"column":24}},"29":{"start":{"line":36,"column":4},"end":{"line":36,"column":30}},"30":{"start":{"line":37,"column":4},"end":{"line":40,"column":5}},"31":{"start":{"line":38,"column":6},"end":{"line":38,"column":39}},"32":{"start":{"line":39,"column":6},"end":{"line":39,"column":24}},"33":{"start":{"line":67,"column":24},"end":{"line":67,"column":41}},"34":{"start":{"line":68,"column":22},"end":{"line":68,"column":54}},"35":{"start":{"line":70,"column":4},"end":{"line":79,"column":5}},"36":{"start":{"line":71,"column":25},"end":{"line":71,"column":41}},"37":{"start":{"line":72,"column":6},"end":{"line":72,"column":28}},"38":{"start":{"line":73,"column":6},"end":{"line":73,"column":33}},"39":{"start":{"line":75,"column":6},"end":{"line":75,"column":39}},"40":{"start":{"line":76,"column":6},"end":{"line":78,"column":7}},"41":{"start":{"line":77,"column":8},"end":{"line":77,"column":32}},"42":{"start":{"line":81,"column":4},"end":{"line":81,"column":22}},"43":{"start":{"line":82,"column":4},"end":{"line":82,"column":37}},"44":{"start":{"line":86,"column":4},"end":{"line":86,"column":32}},"45":{"start":{"line":90,"column":4},"end":{"line":90,"column":47}},"46":{"start":{"line":90,"column":38},"end":{"line":90,"column":47}},"47":{"start":{"line":91,"column":16},"end":{"line":91,"column":58}},"48":{"start":{"line":91,"column":49},"end":{"line":91,"column":54}},"49":{"start":{"line":92,"column":4},"end":{"line":92,"column":52}},"50":{"start":{"line":96,"column":4},"end":{"line":96,"column":64}},"51":{"start":{"line":96,"column":38},"end":{"line":96,"column":64}},"52":{"start":{"line":97,"column":4},"end":{"line":100,"column":6}},"53":{"start":{"line":104,"column":4},"end":{"line":104,"column":26}},"54":{"start":{"line":108,"column":4},"end":{"line":108,"column":25}},"55":{"start":{"line":109,"column":4},"end":{"line":109,"column":18}},"56":{"start":{"line":110,"column":4},"end":{"line":110,"column":27}},"57":{"start":{"line":111,"column":4},"end":{"line":111,"column":24}},"58":{"start":{"line":13,"column":0},"end":{"line":13,"column":13}}},"fnMap":{"0":{"name":"(anonymous_0)","decl":{"start":{"line":23,"column":2},"end":{"line":23,"column":null}},"loc":{"start":{"line":23,"column":2},"end":{"line":25,"column":3}}},"1":{"name":"(anonymous_1)","decl":{"start":{"line":43,"column":25},"end":{"line":43,"column":34}},"loc":{"start":{"line":43,"column":36},"end":{"line":64,"column":3}}},"2":{"name":"(anonymous_2)","decl":{"start":{"line":27,"column":2},"end":{"line":27,"column":7}},"loc":{"start":{"line":27,"column":7},"end":{"line":33,"column":3}}},"3":{"name":"(anonymous_3)","decl":{"start":{"line":35,"column":2},"end":{"line":35,"column":6}},"loc":{"start":{"line":35,"column":6},"end":{"line":41,"column":3}}},"4":{"name":"(anonymous_4)","decl":{"start":{"line":66,"column":2},"end":{"line":66,"column":12}},"loc":{"start":{"line":66,"column":12},"end":{"line":83,"column":3}}},"5":{"name":"(anonymous_5)","decl":{"start":{"line":85,"column":2},"end":{"line":85,"column":15}},"loc":{"start":{"line":85,"column":15},"end":{"line":87,"column":3}}},"6":{"name":"(anonymous_6)","decl":{"start":{"line":89,"column":2},"end":{"line":89,"column":15}},"loc":{"start":{"line":89,"column":15},"end":{"line":93,"column":3}}},"7":{"name":"(anonymous_7)","decl":{"start":{"line":91,"column":39},"end":{"line":91,"column":40}},"loc":{"start":{"line":91,"column":49},"end":{"line":91,"column":54}}},"8":{"name":"(anonymous_8)","decl":{"start":{"line":95,"column":2},"end":{"line":95,"column":14}},"loc":{"start":{"line":95,"column":14},"end":{"line":101,"column":3}}},"9":{"name":"(anonymous_9)","decl":{"start":{"line":103,"column":2},"end":{"line":103,"column":14}},"loc":{"start":{"line":103,"column":14},"end":{"line":105,"column":3}}},"10":{"name":"(anonymous_10)","decl":{"start":{"line":107,"column":2},"end":{"line":107,"column":7}},"loc":{"start":{"line":107,"column":7},"end":{"line":112,"column":3}}}},"branchMap":{"0":{"loc":{"start":{"line":44,"column":4},"end":{"line":44,"column":35}},"type":"if","locations":[{"start":{"line":44,"column":4},"end":{"line":44,"column":35}},{"start":{},"end":{}}]},"1":{"loc":{"start":{"line":49,"column":4},"end":{"line":58,"column":5}},"type":"if","locations":[{"start":{"line":49,"column":4},"end":{"line":58,"column":5}},{"start":{},"end":{}}]},"2":{"loc":{"start":{"line":55,"column":6},"end":{"line":57,"column":7}},"type":"if","locations":[{"start":{"line":55,"column":6},"end":{"line":57,"column":7}},{"start":{},"end":{}}]},"3":{"loc":{"start":{"line":37,"column":4},"end":{"line":40,"column":5}},"type":"if","locations":[{"start":{"line":37,"column":4},"end":{"line":40,"column":5}},{"start":{},"end":{}}]},"4":{"loc":{"start":{"line":70,"column":4},"end":{"line":79,"column":5}},"type":"if","locations":[{"start":{"line":70,"column":4},"end":{"line":79,"column":5}},{"start":{},"end":{}}]},"5":{"loc":{"start":{"line":76,"column":6},"end":{"line":78,"column":7}},"type":"if","locations":[{"start":{"line":76,"column":6},"end":{"line":78,"column":7}},{"start":{},"end":{}}]},"6":{"loc":{"start":{"line":90,"column":4},"end":{"line":90,"column":47}},"type":"if","locations":[{"start":{"line":90,"column":4},"end":{"line":90,"column":47}},{"start":{},"end":{}}]},"7":{"loc":{"start":{"line":96,"column":4},"end":{"line":96,"column":64}},"type":"if","locations":[{"start":{"line":96,"column":4},"end":{"line":96,"column":64}},{"start":{},"end":{}}]}},"s":{"0":16,"1":16,"2":16,"3":16,"4":16,"5":16,"6":16,"7":16,"8":16,"9":6,"10":0,"11":6,"12":6,"13":6,"14":0,"15":0,"16":0,"17":0,"18":0,"19":0,"20":6,"21":6,"22":6,"23":16,"24":6,"25":6,"26":6,"27":6,"28":6,"29":6,"30":6,"31":5,"32":5,"33":76,"34":76,"35":76,"36":75,"37":75,"38":75,"39":75,"40":75,"41":10,"42":76,"43":76,"44":11,"45":11,"46":9,"47":2,"48":61,"49":2,"50":8,"51":7,"52":1,"53":8,"54":1,"55":1,"56":1,"57":1,"58":2},"f":{"0":16,"1":6,"2":6,"3":6,"4":76,"5":11,"6":11,"7":61,"8":8,"9":8,"10":1},"b":{"0":[0,6],"1":[0,6],"2":[0,0],"3":[5,1],"4":[75,1],"5":[10,65],"6":[9,2],"7":[7,1]}}
,"D:\\BIAN\\OPIC\\src\\lib\\performance\\MetricsStorage.ts": {"path":"D:\\BIAN\\OPIC\\src\\lib\\performance\\MetricsStorage.ts","statementMap":{"0":{"start":{"line":21,"column":19},"end":{"line":21,"column":60}},"1":{"start":{"line":22,"column":19},"end":{"line":22,"column":38}},"2":{"start":{"line":23,"column":19},"end":{"line":23,"column":39}},"3":{"start":{"line":24,"column":10},"end":{"line":24,"column":52}},"4":{"start":{"line":27,"column":4},"end":{"line":27,"column":85}},"5":{"start":{"line":27,"column":78},"end":{"line":27,"column":85}},"6":{"start":{"line":29,"column":4},"end":{"line":37,"column":5}},"7":{"start":{"line":30,"column":21},"end":{"line":30,"column":59}},"8":{"start":{"line":31,"column":6},"end":{"line":33,"column":7}},"9":{"start":{"line":32,"column":8},"end":{"line":32,"column":49}},"10":{"start":{"line":35,"column":6},"end":{"line":35,"column":40}},"11":{"start":{"line":36,"column":6},"end":{"line":36,"column":31}},"12":{"start":{"line":41,"column":4},"end":{"line":41,"column":85}},"13":{"start":{"line":41,"column":78},"end":{"line":41,"column":85}},"14":{"start":{"line":43,"column":4},"end":{"line":63,"column":5}},"15":{"start":{"line":44,"column":22},"end":{"line":44,"column":57}},"16":{"start":{"line":45,"column":23},"end":{"line":45,"column":63}},"17":{"start":{"line":47,"column":6},"end":{"line":49,"column":7}},"18":{"start":{"line":48,"column":8},"end":{"line":48,"column":36}},"19":{"start":{"line":51,"column":6},"end":{"line":51,"column":82}},"20":{"start":{"line":53,"column":6},"end":{"line":53,"column":40}},"21":{"start":{"line":55,"column":6},"end":{"line":62,"column":7}},"22":{"start":{"line":56,"column":8},"end":{"line":56,"column":100}},"23":{"start":{"line":57,"column":8},"end":{"line":61,"column":9}},"24":{"start":{"line":58,"column":10},"end":{"line":58,"column":86}},"25":{"start":{"line":60,"column":10},"end":{"line":60,"column":51}},"26":{"start":{"line":67,"column":23},"end":{"line":67,"column":79}},"27":{"start":{"line":68,"column":4},"end":{"line":68,"column":92}},"28":{"start":{"line":68,"column":62},"end":{"line":68,"column":90}},"29":{"start":{"line":69,"column":4},"end":{"line":69,"column":25}},"30":{"start":{"line":73,"column":52},"end":{"line":73,"column":59}},"31":{"start":{"line":73,"column":47},"end":{"line":73,"column":52}},"32":{"start":{"line":74,"column":4},"end":{"line":80,"column":7}},"33":{"start":{"line":84,"column":4},"end":{"line":84,"column":53}},"34":{"start":{"line":84,"column":21},"end":{"line":84,"column":53}},"35":{"start":{"line":85,"column":23},"end":{"line":85,"column":46}},"36":{"start":{"line":86,"column":4},"end":{"line":86,"column":77}},"37":{"start":{"line":86,"column":47},"end":{"line":86,"column":75}},"38":{"start":{"line":90,"column":23},"end":{"line":90,"column":73}},"39":{"start":{"line":91,"column":4},"end":{"line":91,"column":92}},"40":{"start":{"line":91,"column":62},"end":{"line":91,"column":90}},"41":{"start":{"line":92,"column":4},"end":{"line":92,"column":25}},"42":{"start":{"line":96,"column":4},"end":{"line":96,"column":29}},"43":{"start":{"line":20,"column":0},"end":{"line":20,"column":13}}},"fnMap":{"0":{"name":"(anonymous_1)","decl":{"start":{"line":20,"column":0},"end":{"line":20,"column":13}},"loc":{"start":{"line":20,"column":0},"end":{"line":98,"column":1}}},"1":{"name":"(anonymous_2)","decl":{"start":{"line":26,"column":2},"end":{"line":26,"column":17}},"loc":{"start":{"line":26,"column":17},"end":{"line":38,"column":3}}},"2":{"name":"(anonymous_3)","decl":{"start":{"line":40,"column":2},"end":{"line":40,"column":15}},"loc":{"start":{"line":40,"column":15},"end":{"line":64,"column":3}}},"3":{"name":"(anonymous_4)","decl":{"start":{"line":66,"column":2},"end":{"line":66,"column":17}},"loc":{"start":{"line":66,"column":17},"end":{"line":70,"column":3}}},"4":{"name":"(anonymous_5)","decl":{"start":{"line":68,"column":53},"end":{"line":68,"column":58}},"loc":{"start":{"line":68,"column":62},"end":{"line":68,"column":90}}},"5":{"name":"(anonymous_6)","decl":{"start":{"line":72,"column":2},"end":{"line":72,"column":10}},"loc":{"start":{"line":72,"column":38},"end":{"line":81,"column":3}}},"6":{"name":"(anonymous_7)","decl":{"start":{"line":83,"column":2},"end":{"line":83,"column":12}},"loc":{"start":{"line":83,"column":32},"end":{"line":87,"column":3}}},"7":{"name":"(anonymous_8)","decl":{"start":{"line":86,"column":38},"end":{"line":86,"column":43}},"loc":{"start":{"line":86,"column":47},"end":{"line":86,"column":75}}},"8":{"name":"(anonymous_9)","decl":{"start":{"line":89,"column":2},"end":{"line":89,"column":10}},"loc":{"start":{"line":89,"column":32},"end":{"line":93,"column":3}}},"9":{"name":"(anonymous_10)","decl":{"start":{"line":91,"column":53},"end":{"line":91,"column":58}},"loc":{"start":{"line":91,"column":62},"end":{"line":91,"column":90}}},"10":{"name":"(anonymous_11)","decl":{"start":{"line":95,"column":2},"end":{"line":95,"column":7}},"loc":{"start":{"line":95,"column":7},"end":{"line":97,"column":3}}}},"branchMap":{"0":{"loc":{"start":{"line":27,"column":4},"end":{"line":27,"column":85}},"type":"if","locations":[{"start":{"line":27,"column":4},"end":{"line":27,"column":85}},{"start":{},"end":{}}]},"1":{"loc":{"start":{"line":27,"column":8},"end":{"line":27,"column":76}},"type":"binary-expr","locations":[{"start":{"line":27,"column":8},"end":{"line":27,"column":37}},{"start":{"line":27,"column":41},"end":{"line":27,"column":76}}]},"2":{"loc":{"start":{"line":31,"column":6},"end":{"line":33,"column":7}},"type":"if","locations":[{"start":{"line":31,"column":6},"end":{"line":33,"column":7}},{"start":{},"end":{}}]},"3":{"loc":{"start":{"line":41,"column":4},"end":{"line":41,"column":85}},"type":"if","locations":[{"start":{"line":41,"column":4},"end":{"line":41,"column":85}},{"start":{},"end":{}}]},"4":{"loc":{"start":{"line":41,"column":8},"end":{"line":41,"column":76}},"type":"binary-expr","locations":[{"start":{"line":41,"column":8},"end":{"line":41,"column":37}},{"start":{"line":41,"column":41},"end":{"line":41,"column":76}}]},"5":{"loc":{"start":{"line":47,"column":13},"end":{"line":47,"column":77}},"type":"binary-expr","locations":[{"start":{"line":47,"column":13},"end":{"line":47,"column":43}},{"start":{"line":47,"column":47},"end":{"line":47,"column":77}}]},"6":{"loc":{"start":{"line":55,"column":6},"end":{"line":62,"column":7}},"type":"if","locations":[{"start":{"line":55,"column":6},"end":{"line":62,"column":7}},{"start":{},"end":{}}]},"7":{"loc":{"start":{"line":55,"column":10},"end":{"line":55,"column":78}},"type":"binary-expr","locations":[{"start":{"line":55,"column":10},"end":{"line":55,"column":39}},{"start":{"line":55,"column":43},"end":{"line":55,"column":78}}]},"8":{"loc":{"start":{"line":84,"column":4},"end":{"line":84,"column":53}},"type":"if","locations":[{"start":{"line":84,"column":4},"end":{"line":84,"column":53}},{"start":{},"end":{}}]}},"s":{"0":15,"1":15,"2":15,"3":15,"4":4,"5":0,"6":4,"7":4,"8":4,"9":2,"10":1,"11":1,"12":6,"13":0,"14":6,"15":6,"16":6,"17":6,"18":0,"19":6,"20":1,"21":1,"22":1,"23":1,"24":1,"25":0,"26":2,"27":2,"28":2,"29":2,"30":25,"31":25,"32":25,"33":16,"34":15,"35":1,"36":1,"37":2,"38":2,"39":2,"40":2,"41":2,"42":1,"43":2},"f":{"0":15,"1":4,"2":6,"3":2,"4":2,"5":25,"6":16,"7":2,"8":2,"9":2,"10":1},"b":{"0":[0,4],"1":[4,4],"2":[2,2],"3":[0,6],"4":[6,6],"5":[6,0],"6":[1,0],"7":[1,1],"8":[15,1]}}
,"D:\\BIAN\\OPIC\\src\\lib\\performance\\OrbitalInterpolator.ts": {"path":"D:\\BIAN\\OPIC\\src\\lib\\performance\\OrbitalInterpolator.ts","statementMap":{"0":{"start":{"line":16,"column":0},"end":{"line":16,"column":32}},"1":{"start":{"line":69,"column":19},"end":{"line":69,"column":51}},"2":{"start":{"line":73,"column":10},"end":{"line":73,"column":35}},"3":{"start":{"line":74,"column":10},"end":{"line":74,"column":36}},"4":{"start":{"line":75,"column":10},"end":{"line":75,"column":36}},"5":{"start":{"line":76,"column":10},"end":{"line":76,"column":36}},"6":{"start":{"line":77,"column":10},"end":{"line":77,"column":57}},"7":{"start":{"line":80,"column":4},"end":{"line":80,"column":28}},"8":{"start":{"line":81,"column":4},"end":{"line":81,"column":55}},"9":{"start":{"line":98,"column":26},"end":{"line":98,"column":50}},"10":{"start":{"line":99,"column":24},"end":{"line":99,"column":34}},"11":{"start":{"line":101,"column":4},"end":{"line":152,"column":5}},"12":{"start":{"line":102,"column":30},"end":{"line":102,"column":80}},"13":{"start":{"line":104,"column":17},"end":{"line":104,"column":63}},"14":{"start":{"line":105,"column":30},"end":{"line":111,"column":37}},"15":{"start":{"line":113,"column":23},"end":{"line":113,"column":93}},"16":{"start":{"line":115,"column":50},"end":{"line":123,"column":8}},"17":{"start":{"line":125,"column":6},"end":{"line":130,"column":7}},"18":{"start":{"line":126,"column":8},"end":{"line":129,"column":10}},"19":{"start":{"line":132,"column":6},"end":{"line":132,"column":41}},"20":{"start":{"line":134,"column":50},"end":{"line":142,"column":8}},"21":{"start":{"line":144,"column":6},"end":{"line":149,"column":7}},"22":{"start":{"line":145,"column":8},"end":{"line":148,"column":10}},"23":{"start":{"line":151,"column":6},"end":{"line":151,"column":41}},"24":{"start":{"line":164,"column":4},"end":{"line":238,"column":5}},"25":{"start":{"line":165,"column":16},"end":{"line":165,"column":33}},"26":{"start":{"line":166,"column":16},"end":{"line":166,"column":33}},"27":{"start":{"line":169,"column":6},"end":{"line":171,"column":7}},"28":{"start":{"line":170,"column":8},"end":{"line":170,"column":25}},"29":{"start":{"line":174,"column":16},"end":{"line":174,"column":62}},"30":{"start":{"line":175,"column":19},"end":{"line":175,"column":29}},"31":{"start":{"line":177,"column":6},"end":{"line":179,"column":7}},"32":{"start":{"line":178,"column":8},"end":{"line":178,"column":25}},"33":{"start":{"line":182,"column":21},"end":{"line":182,"column":42}},"34":{"start":{"line":185,"column":19},"end":{"line":185,"column":32}},"35":{"start":{"line":186,"column":22},"end":{"line":186,"column":61}},"36":{"start":{"line":187,"column":6},"end":{"line":187,"column":47}},"37":{"start":{"line":188,"column":6},"end":{"line":188,"column":45}},"38":{"start":{"line":190,"column":27},"end":{"line":190,"column":40}},"39":{"start":{"line":193,"column":21},"end":{"line":193,"column":46}},"40":{"start":{"line":194,"column":28},"end":{"line":194,"column":51}},"41":{"start":{"line":197,"column":6},"end":{"line":199,"column":7}},"42":{"start":{"line":198,"column":8},"end":{"line":198,"column":25}},"43":{"start":{"line":202,"column":21},"end":{"line":202,"column":76}},"44":{"start":{"line":205,"column":25},"end":{"line":205,"column":45}},"45":{"start":{"line":208,"column":33},"end":{"line":210,"column":30}},"46":{"start":{"line":214,"column":20},"end":{"line":214,"column":72}},"47":{"start":{"line":215,"column":20},"end":{"line":215,"column":74}},"48":{"start":{"line":216,"column":17},"end":{"line":216,"column":41}},"49":{"start":{"line":219,"column":16},"end":{"line":220,"column":null}},"50":{"start":{"line":224,"column":31},"end":{"line":224,"column":61}},"51":{"start":{"line":226,"column":6},"end":{"line":234,"column":8}},"52":{"start":{"line":236,"column":6},"end":{"line":236,"column":61}},"53":{"start":{"line":237,"column":6},"end":{"line":237,"column":23}},"54":{"start":{"line":248,"column":19},"end":{"line":248,"column":38}},"55":{"start":{"line":249,"column":4},"end":{"line":249,"column":29}},"56":{"start":{"line":249,"column":17},"end":{"line":249,"column":29}},"57":{"start":{"line":251,"column":4},"end":{"line":279,"column":5}},"58":{"start":{"line":252,"column":16},"end":{"line":252,"column":73}},"59":{"start":{"line":254,"column":14},"end":{"line":254,"column":15}},"60":{"start":{"line":255,"column":6},"end":{"line":260,"column":7}},"61":{"start":{"line":255,"column":19},"end":{"line":255,"column":20}},"62":{"start":{"line":256,"column":19},"end":{"line":257,"column":58}},"63":{"start":{"line":258,"column":8},"end":{"line":258,"column":16}},"64":{"start":{"line":259,"column":8},"end":{"line":259,"column":39}},"65":{"start":{"line":259,"column":33},"end":{"line":259,"column":39}},"66":{"start":{"line":262,"column":17},"end":{"line":264,"column":null}},"67":{"start":{"line":267,"column":16},"end":{"line":267,"column":78}},"68":{"start":{"line":269,"column":6},"end":{"line":269,"column":52}},"69":{"start":{"line":270,"column":6},"end":{"line":270,"column":76}},"70":{"start":{"line":272,"column":6},"end":{"line":272,"column":74}},"71":{"start":{"line":273,"column":6},"end":{"line":273,"column":71}},"72":{"start":{"line":275,"column":6},"end":{"line":275,"column":36}},"73":{"start":{"line":277,"column":6},"end":{"line":277,"column":61}},"74":{"start":{"line":278,"column":6},"end":{"line":278,"column":18}},"75":{"start":{"line":286,"column":4},"end":{"line":286,"column":37}},"76":{"start":{"line":286,"column":16},"end":{"line":286,"column":37}},"77":{"start":{"line":287,"column":4},"end":{"line":287,"column":35}},"78":{"start":{"line":287,"column":16},"end":{"line":287,"column":35}},"79":{"start":{"line":289,"column":21},"end":{"line":289,"column":35}},"80":{"start":{"line":290,"column":19},"end":{"line":290,"column":31}},"81":{"start":{"line":292,"column":4},"end":{"line":299,"column":5}},"82":{"start":{"line":293,"column":6},"end":{"line":297,"column":8}},"83":{"start":{"line":298,"column":6},"end":{"line":298,"column":35}},"84":{"start":{"line":301,"column":4},"end":{"line":301,"column":42}},"85":{"start":{"line":302,"column":4},"end":{"line":302,"column":41}},"86":{"start":{"line":304,"column":14},"end":{"line":304,"column":47}},"87":{"start":{"line":305,"column":4},"end":{"line":305,"column":41}},"88":{"start":{"line":307,"column":18},"end":{"line":307,"column":32}},"89":{"start":{"line":309,"column":4},"end":{"line":316,"column":5}},"90":{"start":{"line":310,"column":6},"end":{"line":314,"column":8}},"91":{"start":{"line":315,"column":6},"end":{"line":315,"column":36}},"92":{"start":{"line":318,"column":21},"end":{"line":318,"column":36}},"93":{"start":{"line":319,"column":15},"end":{"line":319,"column":51}},"94":{"start":{"line":320,"column":15},"end":{"line":320,"column":45}},"95":{"start":{"line":322,"column":4},"end":{"line":326,"column":6}},"96":{"start":{"line":328,"column":19},"end":{"line":328,"column":53}},"97":{"start":{"line":330,"column":4},"end":{"line":330,"column":57}},"98":{"start":{"line":337,"column":18},"end":{"line":337,"column":42}},"99":{"start":{"line":339,"column":4},"end":{"line":341,"column":5}},"100":{"start":{"line":340,"column":6},"end":{"line":340,"column":34}},"101":{"start":{"line":343,"column":21},"end":{"line":343,"column":52}},"102":{"start":{"line":345,"column":4},"end":{"line":347,"column":5}},"103":{"start":{"line":346,"column":6},"end":{"line":346,"column":39}},"104":{"start":{"line":349,"column":20},"end":{"line":349,"column":49}},"105":{"start":{"line":350,"column":19},"end":{"line":350,"column":37}},"106":{"start":{"line":351,"column":4},"end":{"line":351,"column":50}},"107":{"start":{"line":353,"column":4},"end":{"line":365,"column":5}},"108":{"start":{"line":354,"column":30},"end":{"line":354,"column":82}},"109":{"start":{"line":356,"column":6},"end":{"line":364,"column":7}},"110":{"start":{"line":357,"column":28},"end":{"line":357,"column":47}},"111":{"start":{"line":358,"column":8},"end":{"line":362,"column":10}},"112":{"start":{"line":363,"column":8},"end":{"line":363,"column":37}},"113":{"start":{"line":367,"column":4},"end":{"line":367,"column":72}},"114":{"start":{"line":374,"column":4},"end":{"line":374,"column":35}},"115":{"start":{"line":375,"column":4},"end":{"line":378,"column":7}},"116":{"start":{"line":376,"column":23},"end":{"line":376,"column":73}},"117":{"start":{"line":377,"column":6},"end":{"line":377,"column":52}},"118":{"start":{"line":379,"column":4},"end":{"line":379,"column":34}},"119":{"start":{"line":386,"column":4},"end":{"line":386,"column":32}},"120":{"start":{"line":393,"column":4},"end":{"line":393,"column":24}},"121":{"start":{"line":400,"column":4},"end":{"line":400,"column":28}},"122":{"start":{"line":407,"column":4},"end":{"line":407,"column":40}},"123":{"start":{"line":414,"column":4},"end":{"line":414,"column":38}},"124":{"start":{"line":66,"column":0},"end":{"line":66,"column":13}}},"fnMap":{"0":{"name":"(anonymous_0)","decl":{"start":{"line":79,"column":2},"end":{"line":79,"column":14}},"loc":{"start":{"line":79,"column":51},"end":{"line":82,"column":3}}},"1":{"name":"(anonymous_1)","decl":{"start":{"line":92,"column":2},"end":{"line":92,"column":11}},"loc":{"start":{"line":96,"column":21},"end":{"line":153,"column":3}}},"2":{"name":"(anonymous_2)","decl":{"start":{"line":160,"column":10},"end":{"line":160,"column":36}},"loc":{"start":{"line":162,"column":21},"end":{"line":239,"column":3}}},"3":{"name":"(anonymous_3)","decl":{"start":{"line":244,"column":10},"end":{"line":244,"column":34}},"loc":{"start":{"line":246,"column":23},"end":{"line":280,"column":3}}},"4":{"name":"(anonymous_4)","decl":{"start":{"line":285,"column":10},"end":{"line":285,"column":15}},"loc":{"start":{"line":285,"column":55},"end":{"line":331,"column":3}}},"5":{"name":"(anonymous_5)","decl":{"start":{"line":336,"column":2},"end":{"line":336,"column":25}},"loc":{"start":{"line":336,"column":62},"end":{"line":368,"column":3}}},"6":{"name":"(anonymous_6)","decl":{"start":{"line":373,"column":2},"end":{"line":373,"column":26}},"loc":{"start":{"line":373,"column":46},"end":{"line":380,"column":3}}},"7":{"name":"(anonymous_7)","decl":{"start":{"line":375,"column":24},"end":{"line":375,"column":25}},"loc":{"start":{"line":375,"column":44},"end":{"line":378,"column":5}}},"8":{"name":"(anonymous_8)","decl":{"start":{"line":385,"column":2},"end":{"line":385,"column":7}},"loc":{"start":{"line":385,"column":23},"end":{"line":387,"column":3}}},"9":{"name":"(anonymous_9)","decl":{"start":{"line":392,"column":2},"end":{"line":392,"column":10}},"loc":{"start":{"line":392,"column":10},"end":{"line":394,"column":3}}},"10":{"name":"(anonymous_10)","decl":{"start":{"line":399,"column":2},"end":{"line":399,"column":15}},"loc":{"start":{"line":399,"column":15},"end":{"line":401,"column":3}}},"11":{"name":"(anonymous_11)","decl":{"start":{"line":406,"column":2},"end":{"line":406,"column":26}},"loc":{"start":{"line":406,"column":42},"end":{"line":408,"column":3}}},"12":{"name":"(anonymous_12)","decl":{"start":{"line":413,"column":2},"end":{"line":413,"column":26}},"loc":{"start":{"line":413,"column":26},"end":{"line":415,"column":3}}}},"branchMap":{"0":{"loc":{"start":{"line":79,"column":14},"end":{"line":79,"column":51}},"type":"default-arg","locations":[{"start":{"line":79,"column":47},"end":{"line":79,"column":51}}]},"1":{"loc":{"start":{"line":101,"column":4},"end":{"line":152,"column":5}},"type":"if","locations":[{"start":{"line":101,"column":4},"end":{"line":152,"column":5}},{"start":{"line":133,"column":11},"end":{"line":152,"column":5}}]},"2":{"loc":{"start":{"line":105,"column":30},"end":{"line":111,"column":37}},"type":"cond-expr","locations":[{"start":{"line":106,"column":10},"end":{"line":109,"column":null}},{"start":{"line":111,"column":10},"end":{"line":111,"column":37}}]},"3":{"loc":{"start":{"line":113,"column":23},"end":{"line":113,"column":93}},"type":"cond-expr","locations":[{"start":{"line":113,"column":32},"end":{"line":113,"column":55}},{"start":{"line":113,"column":58},"end":{"line":113,"column":93}}]},"4":{"loc":{"start":{"line":125,"column":6},"end":{"line":130,"column":7}},"type":"if","locations":[{"start":{"line":125,"column":6},"end":{"line":130,"column":7}},{"start":{},"end":{}}]},"5":{"loc":{"start":{"line":144,"column":6},"end":{"line":149,"column":7}},"type":"if","locations":[{"start":{"line":144,"column":6},"end":{"line":149,"column":7}},{"start":{},"end":{}}]},"6":{"loc":{"start":{"line":169,"column":6},"end":{"line":171,"column":7}},"type":"if","locations":[{"start":{"line":169,"column":6},"end":{"line":171,"column":7}},{"start":{},"end":{}}]},"7":{"loc":{"start":{"line":169,"column":10},"end":{"line":169,"column":32}},"type":"binary-expr","locations":[{"start":{"line":169,"column":10},"end":{"line":169,"column":19}},{"start":{"line":169,"column":23},"end":{"line":169,"column":32}}]},"8":{"loc":{"start":{"line":177,"column":6},"end":{"line":179,"column":7}},"type":"if","locations":[{"start":{"line":177,"column":6},"end":{"line":179,"column":7}},{"start":{},"end":{}}]},"9":{"loc":{"start":{"line":197,"column":6},"end":{"line":199,"column":7}},"type":"if","locations":[{"start":{"line":197,"column":6},"end":{"line":199,"column":7}},{"start":{},"end":{}}]},"10":{"loc":{"start":{"line":197,"column":10},"end":{"line":197,"column":49}},"type":"binary-expr","locations":[{"start":{"line":197,"column":10},"end":{"line":197,"column":28}},{"start":{"line":197,"column":32},"end":{"line":197,"column":49}}]},"11":{"loc":{"start":{"line":208,"column":33},"end":{"line":210,"column":30}},"type":"cond-expr","locations":[{"start":{"line":209,"column":10},"end":{"line":209,"column":34}},{"start":{"line":210,"column":10},"end":{"line":210,"column":30}}]},"12":{"loc":{"start":{"line":249,"column":4},"end":{"line":249,"column":29}},"type":"if","locations":[{"start":{"line":249,"column":4},"end":{"line":249,"column":29}},{"start":{},"end":{}}]},"13":{"loc":{"start":{"line":259,"column":8},"end":{"line":259,"column":39}},"type":"if","locations":[{"start":{"line":259,"column":8},"end":{"line":259,"column":39}},{"start":{},"end":{}}]},"14":{"loc":{"start":{"line":286,"column":4},"end":{"line":286,"column":37}},"type":"if","locations":[{"start":{"line":286,"column":4},"end":{"line":286,"column":37}},{"start":{},"end":{}}]},"15":{"loc":{"start":{"line":287,"column":4},"end":{"line":287,"column":35}},"type":"if","locations":[{"start":{"line":287,"column":4},"end":{"line":287,"column":35}},{"start":{},"end":{}}]},"16":{"loc":{"start":{"line":292,"column":4},"end":{"line":299,"column":5}},"type":"if","locations":[{"start":{"line":292,"column":4},"end":{"line":299,"column":5}},{"start":{},"end":{}}]},"17":{"loc":{"start":{"line":292,"column":8},"end":{"line":292,"column":38}},"type":"binary-expr","locations":[{"start":{"line":292,"column":8},"end":{"line":292,"column":22}},{"start":{"line":292,"column":26},"end":{"line":292,"column":38}}]},"18":{"loc":{"start":{"line":309,"column":4},"end":{"line":316,"column":5}},"type":"if","locations":[{"start":{"line":309,"column":4},"end":{"line":316,"column":5}},{"start":{},"end":{}}]},"19":{"loc":{"start":{"line":339,"column":4},"end":{"line":341,"column":5}},"type":"if","locations":[{"start":{"line":339,"column":4},"end":{"line":341,"column":5}},{"start":{},"end":{}}]},"20":{"loc":{"start":{"line":345,"column":4},"end":{"line":347,"column":5}},"type":"if","locations":[{"start":{"line":345,"column":4},"end":{"line":347,"column":5}},{"start":{},"end":{}}]},"21":{"loc":{"start":{"line":353,"column":4},"end":{"line":365,"column":5}},"type":"if","locations":[{"start":{"line":353,"column":4},"end":{"line":365,"column":5}},{"start":{},"end":{}}]},"22":{"loc":{"start":{"line":353,"column":8},"end":{"line":353,"column":57}},"type":"binary-expr","locations":[{"start":{"line":353,"column":8},"end":{"line":353,"column":34}},{"start":{"line":353,"column":38},"end":{"line":353,"column":57}}]},"23":{"loc":{"start":{"line":356,"column":6},"end":{"line":364,"column":7}},"type":"if","locations":[{"start":{"line":356,"column":6},"end":{"line":364,"column":7}},{"start":{},"end":{}}]}},"s":{"0":1,"1":18,"2":18,"3":18,"4":18,"5":18,"6":18,"7":18,"8":18,"9":18,"10":18,"11":18,"12":1,"13":1,"14":1,"15":1,"16":1,"17":1,"18":1,"19":1,"20":17,"21":17,"22":9,"23":17,"24":10,"25":10,"26":10,"27":10,"28":2,"29":8,"30":8,"31":8,"32":0,"33":8,"34":8,"35":8,"36":8,"37":8,"38":8,"39":8,"40":8,"41":8,"42":8,"43":0,"44":0,"45":0,"46":0,"47":0,"48":0,"49":0,"50":0,"51":0,"52":0,"53":0,"54":0,"55":0,"56":0,"57":0,"58":0,"59":0,"60":0,"61":0,"62":0,"63":0,"64":0,"65":0,"66":0,"67":0,"68":0,"69":0,"70":0,"71":0,"72":0,"73":0,"74":0,"75":8,"76":1,"77":7,"78":1,"79":6,"80":6,"81":6,"82":2,"83":2,"84":4,"85":4,"86":4,"87":4,"88":4,"89":4,"90":4,"91":4,"92":0,"93":0,"94":0,"95":0,"96":0,"97":0,"98":10,"99":10,"100":1,"101":9,"102":9,"103":1,"104":8,"105":8,"106":8,"107":8,"108":0,"109":0,"110":0,"111":0,"112":0,"113":8,"114":2,"115":2,"116":2,"117":2,"118":2,"119":1,"120":1,"121":6,"122":2,"123":4,"124":1},"f":{"0":18,"1":18,"2":10,"3":0,"4":8,"5":10,"6":2,"7":2,"8":1,"9":1,"10":6,"11":2,"12":4},"b":{"0":[10],"1":[1,17],"2":[1,0],"3":[1,0],"4":[1,0],"5":[9,8],"6":[2,8],"7":[10,10],"8":[0,8],"9":[8,0],"10":[8,0],"11":[0,0],"12":[0,0],"13":[0,0],"14":[1,7],"15":[1,6],"16":[2,4],"17":[6,4],"18":[4,0],"19":[1,9],"20":[1,8],"21":[0,8],"22":[8,1],"23":[0,0]}}
,"D:\\BIAN\\OPIC\\src\\lib\\performance\\PerformanceMonitor.ts": {"path":"D:\\BIAN\\OPIC\\src\\lib\\performance\\PerformanceMonitor.ts","statementMap":{"0":{"start":{"line":38,"column":0},"end":{"line":38,"column":40}},"1":{"start":{"line":39,"column":0},"end":{"line":39,"column":42}},"2":{"start":{"line":40,"column":0},"end":{"line":40,"column":58}},"3":{"start":{"line":41,"column":0},"end":{"line":41,"column":50}},"4":{"start":{"line":55,"column":10},"end":{"line":55,"column":52}},"5":{"start":{"line":56,"column":19},"end":{"line":56,"column":48}},"6":{"start":{"line":59,"column":10},"end":{"line":59,"column":40}},"7":{"start":{"line":60,"column":10},"end":{"line":60,"column":32}},"8":{"start":{"line":61,"column":10},"end":{"line":61,"column":42}},"9":{"start":{"line":62,"column":10},"end":{"line":62,"column":41}},"10":{"start":{"line":65,"column":10},"end":{"line":65,"column":51}},"11":{"start":{"line":66,"column":10},"end":{"line":66,"column":45}},"12":{"start":{"line":67,"column":10},"end":{"line":67,"column":45}},"13":{"start":{"line":68,"column":10},"end":{"line":68,"column":38}},"14":{"start":{"line":69,"column":19},"end":{"line":69,"column":52}},"15":{"start":{"line":72,"column":10},"end":{"line":72,"column":49}},"16":{"start":{"line":73,"column":10},"end":{"line":73,"column":52}},"17":{"start":{"line":76,"column":10},"end":{"line":76,"column":40}},"18":{"start":{"line":81,"column":10},"end":{"line":81,"column":83}},"19":{"start":{"line":84,"column":4},"end":{"line":84,"column":39}},"20":{"start":{"line":85,"column":4},"end":{"line":85,"column":55}},"21":{"start":{"line":86,"column":4},"end":{"line":86,"column":40}},"22":{"start":{"line":88,"column":4},"end":{"line":88,"column":96}},"23":{"start":{"line":89,"column":4},"end":{"line":89,"column":61}},"24":{"start":{"line":91,"column":4},"end":{"line":91,"column":35}},"25":{"start":{"line":92,"column":4},"end":{"line":92,"column":35}},"26":{"start":{"line":93,"column":4},"end":{"line":93,"column":41}},"27":{"start":{"line":97,"column":4},"end":{"line":99,"column":5}},"28":{"start":{"line":98,"column":6},"end":{"line":98,"column":61}},"29":{"start":{"line":100,"column":4},"end":{"line":100,"column":39}},"30":{"start":{"line":104,"column":4},"end":{"line":107,"column":5}},"31":{"start":{"line":105,"column":6},"end":{"line":105,"column":48}},"32":{"start":{"line":106,"column":6},"end":{"line":106,"column":13}},"33":{"start":{"line":109,"column":4},"end":{"line":109,"column":29}},"34":{"start":{"line":110,"column":4},"end":{"line":110,"column":28}},"35":{"start":{"line":112,"column":4},"end":{"line":116,"column":5}},"36":{"start":{"line":113,"column":6},"end":{"line":115,"column":37}},"37":{"start":{"line":114,"column":8},"end":{"line":114,"column":31}},"38":{"start":{"line":118,"column":4},"end":{"line":118,"column":43}},"39":{"start":{"line":122,"column":4},"end":{"line":122,"column":35}},"40":{"start":{"line":122,"column":28},"end":{"line":122,"column":35}},"41":{"start":{"line":124,"column":4},"end":{"line":124,"column":30}},"42":{"start":{"line":125,"column":4},"end":{"line":125,"column":27}},"43":{"start":{"line":127,"column":4},"end":{"line":130,"column":5}},"44":{"start":{"line":128,"column":6},"end":{"line":128,"column":46}},"45":{"start":{"line":129,"column":6},"end":{"line":129,"column":38}},"46":{"start":{"line":132,"column":4},"end":{"line":132,"column":43}},"47":{"start":{"line":136,"column":4},"end":{"line":136,"column":33}},"48":{"start":{"line":143,"column":4},"end":{"line":143,"column":43}},"49":{"start":{"line":147,"column":4},"end":{"line":147,"column":43}},"50":{"start":{"line":151,"column":4},"end":{"line":151,"column":42}},"51":{"start":{"line":155,"column":4},"end":{"line":157,"column":5}},"52":{"start":{"line":156,"column":6},"end":{"line":156,"column":60}},"53":{"start":{"line":159,"column":17},"end":{"line":159,"column":null}},"54":{"start":{"line":163,"column":4},"end":{"line":165,"column":5}},"55":{"start":{"line":164,"column":6},"end":{"line":164,"column":60}},"56":{"start":{"line":167,"column":4},"end":{"line":171,"column":6}},"57":{"start":{"line":177,"column":4},"end":{"line":177,"column":38}},"58":{"start":{"line":177,"column":29},"end":{"line":177,"column":38}},"59":{"start":{"line":178,"column":16},"end":{"line":178,"column":49}},"60":{"start":{"line":178,"column":40},"end":{"line":178,"column":45}},"61":{"start":{"line":179,"column":4},"end":{"line":179,"column":31}},"62":{"start":{"line":183,"column":4},"end":{"line":183,"column":48}},"63":{"start":{"line":184,"column":4},"end":{"line":186,"column":5}},"64":{"start":{"line":185,"column":6},"end":{"line":185,"column":45}},"65":{"start":{"line":190,"column":4},"end":{"line":190,"column":42}},"66":{"start":{"line":191,"column":4},"end":{"line":193,"column":5}},"67":{"start":{"line":192,"column":6},"end":{"line":192,"column":39}},"68":{"start":{"line":197,"column":4},"end":{"line":197,"column":42}},"69":{"start":{"line":198,"column":4},"end":{"line":200,"column":5}},"70":{"start":{"line":199,"column":6},"end":{"line":199,"column":39}},"71":{"start":{"line":204,"column":4},"end":{"line":204,"column":35}},"72":{"start":{"line":205,"column":4},"end":{"line":207,"column":5}},"73":{"start":{"line":206,"column":6},"end":{"line":206,"column":32}},"74":{"start":{"line":211,"column":4},"end":{"line":211,"column":47}},"75":{"start":{"line":215,"column":4},"end":{"line":215,"column":43}},"76":{"start":{"line":219,"column":4},"end":{"line":219,"column":49}},"77":{"start":{"line":223,"column":4},"end":{"line":223,"column":36}},"78":{"start":{"line":229,"column":22},"end":{"line":229,"column":39}},"79":{"start":{"line":230,"column":4},"end":{"line":230,"column":36}},"80":{"start":{"line":232,"column":4},"end":{"line":234,"column":5}},"81":{"start":{"line":233,"column":6},"end":{"line":233,"column":50}},"82":{"start":{"line":233,"column":12},"end":{"line":233,"column":35}},"83":{"start":{"line":238,"column":22},"end":{"line":238,"column":47}},"84":{"start":{"line":239,"column":20},"end":{"line":239,"column":43}},"85":{"start":{"line":241,"column":4},"end":{"line":244,"column":5}},"86":{"start":{"line":242,"column":6},"end":{"line":242,"column":55}},"87":{"start":{"line":243,"column":6},"end":{"line":243,"column":15}},"88":{"start":{"line":246,"column":21},"end":{"line":246,"column":40}},"89":{"start":{"line":247,"column":4},"end":{"line":247,"column":38}},"90":{"start":{"line":249,"column":4},"end":{"line":251,"column":5}},"91":{"start":{"line":250,"column":6},"end":{"line":250,"column":73}},"92":{"start":{"line":250,"column":12},"end":{"line":250,"column":58}},"93":{"start":{"line":253,"column":4},"end":{"line":253,"column":20}},"94":{"start":{"line":257,"column":4},"end":{"line":257,"column":35}},"95":{"start":{"line":261,"column":4},"end":{"line":261,"column":34}},"96":{"start":{"line":265,"column":4},"end":{"line":265,"column":23}},"97":{"start":{"line":266,"column":4},"end":{"line":266,"column":26}},"98":{"start":{"line":268,"column":4},"end":{"line":273,"column":5}},"99":{"start":{"line":269,"column":6},"end":{"line":272,"column":20}},"100":{"start":{"line":270,"column":8},"end":{"line":270,"column":33}},"101":{"start":{"line":271,"column":8},"end":{"line":271,"column":36}},"102":{"start":{"line":277,"column":4},"end":{"line":277,"column":35}},"103":{"start":{"line":283,"column":4},"end":{"line":283,"column":47}},"104":{"start":{"line":287,"column":4},"end":{"line":287,"column":54}},"105":{"start":{"line":296,"column":4},"end":{"line":296,"column":96}},"106":{"start":{"line":296,"column":47},"end":{"line":296,"column":96}},"107":{"start":{"line":297,"column":4},"end":{"line":297,"column":72}},"108":{"start":{"line":297,"column":39},"end":{"line":297,"column":72}},"109":{"start":{"line":298,"column":4},"end":{"line":298,"column":102}},"110":{"start":{"line":298,"column":49},"end":{"line":298,"column":102}},"111":{"start":{"line":299,"column":4},"end":{"line":299,"column":99}},"112":{"start":{"line":299,"column":48},"end":{"line":299,"column":99}},"113":{"start":{"line":305,"column":25},"end":{"line":305,"column":55}},"114":{"start":{"line":306,"column":19},"end":{"line":306,"column":40}},"115":{"start":{"line":308,"column":4},"end":{"line":339,"column":6}},"116":{"start":{"line":345,"column":4},"end":{"line":345,"column":47}},"117":{"start":{"line":349,"column":4},"end":{"line":370,"column":5}},"118":{"start":{"line":350,"column":29},"end":{"line":350,"column":46}},"119":{"start":{"line":351,"column":25},"end":{"line":361,"column":8}},"120":{"start":{"line":363,"column":6},"end":{"line":366,"column":12}},"121":{"start":{"line":364,"column":8},"end":{"line":364,"column":67}},"122":{"start":{"line":364,"column":34},"end":{"line":364,"column":67}},"123":{"start":{"line":365,"column":8},"end":{"line":365,"column":21}},"124":{"start":{"line":368,"column":6},"end":{"line":368,"column":40}},"125":{"start":{"line":369,"column":6},"end":{"line":369,"column":80}},"126":{"start":{"line":374,"column":4},"end":{"line":374,"column":41}},"127":{"start":{"line":380,"column":4},"end":{"line":380,"column":40}},"128":{"start":{"line":381,"column":4},"end":{"line":381,"column":61}},"129":{"start":{"line":381,"column":19},"end":{"line":381,"column":58}},"130":{"start":{"line":385,"column":20},"end":{"line":385,"column":37}},"131":{"start":{"line":386,"column":4},"end":{"line":386,"column":35}},"132":{"start":{"line":387,"column":4},"end":{"line":387,"column":33}},"133":{"start":{"line":389,"column":4},"end":{"line":393,"column":7}},"134":{"start":{"line":390,"column":6},"end":{"line":392,"column":7}},"135":{"start":{"line":390,"column":12},"end":{"line":390,"column":30}},"136":{"start":{"line":391,"column":8},"end":{"line":391,"column":44}},"137":{"start":{"line":399,"column":20},"end":{"line":399,"column":37}},"138":{"start":{"line":401,"column":4},"end":{"line":427,"column":13}},"139":{"start":{"line":425,"column":26},"end":{"line":425,"column":60}},"140":{"start":{"line":433,"column":4},"end":{"line":433,"column":28}},"141":{"start":{"line":434,"column":4},"end":{"line":434,"column":40}},"142":{"start":{"line":435,"column":4},"end":{"line":435,"column":34}},"143":{"start":{"line":436,"column":4},"end":{"line":436,"column":34}},"144":{"start":{"line":437,"column":4},"end":{"line":437,"column":27}},"145":{"start":{"line":438,"column":4},"end":{"line":438,"column":23}},"146":{"start":{"line":439,"column":4},"end":{"line":439,"column":26}},"147":{"start":{"line":440,"column":4},"end":{"line":440,"column":34}},"148":{"start":{"line":441,"column":4},"end":{"line":441,"column":25}},"149":{"start":{"line":442,"column":4},"end":{"line":442,"column":36}},"150":{"start":{"line":443,"column":4},"end":{"line":443,"column":31}},"151":{"start":{"line":444,"column":4},"end":{"line":444,"column":23}},"152":{"start":{"line":445,"column":4},"end":{"line":445,"column":33}},"153":{"start":{"line":446,"column":4},"end":{"line":446,"column":32}},"154":{"start":{"line":47,"column":0},"end":{"line":47,"column":13}},"155":{"start":{"line":48,"column":17},"end":{"line":48,"column":60}},"156":{"start":{"line":450,"column":13},"end":{"line":450,"column":67}},"157":{"start":{"line":452,"column":42},"end":{"line":454,"column":1}},"158":{"start":{"line":453,"column":2},"end":{"line":453,"column":29}},"159":{"start":{"line":452,"column":13},"end":{"line":452,"column":42}},"160":{"start":{"line":456,"column":41},"end":{"line":458,"column":1}},"161":{"start":{"line":457,"column":2},"end":{"line":457,"column":28}},"162":{"start":{"line":456,"column":13},"end":{"line":456,"column":41}},"163":{"start":{"line":460,"column":37},"end":{"line":462,"column":1}},"164":{"start":{"line":461,"column":2},"end":{"line":461,"column":41}},"165":{"start":{"line":460,"column":13},"end":{"line":460,"column":37}},"166":{"start":{"line":464,"column":40},"end":{"line":466,"column":1}},"167":{"start":{"line":465,"column":2},"end":{"line":465,"column":44}},"168":{"start":{"line":464,"column":13},"end":{"line":464,"column":40}}},"fnMap":{"0":{"name":"(anonymous_0)","decl":{"start":{"line":83,"column":2},"end":{"line":83,"column":null}},"loc":{"start":{"line":83,"column":2},"end":{"line":94,"column":3}}},"1":{"name":"(anonymous_1)","decl":{"start":{"line":96,"column":9},"end":{"line":96,"column":15}},"loc":{"start":{"line":96,"column":27},"end":{"line":101,"column":3}}},"2":{"name":"(anonymous_2)","decl":{"start":{"line":103,"column":9},"end":{"line":103,"column":14}},"loc":{"start":{"line":103,"column":14},"end":{"line":119,"column":3}}},"3":{"name":"(anonymous_3)","decl":{"start":{"line":113,"column":52},"end":{"line":113,"column":55}},"loc":{"start":{"line":113,"column":57},"end":{"line":115,"column":7}}},"4":{"name":"(anonymous_4)","decl":{"start":{"line":121,"column":9},"end":{"line":121,"column":13}},"loc":{"start":{"line":121,"column":13},"end":{"line":133,"column":3}}},"5":{"name":"(anonymous_5)","decl":{"start":{"line":135,"column":9},"end":{"line":135,"column":19}},"loc":{"start":{"line":135,"column":19},"end":{"line":137,"column":3}}},"6":{"name":"(anonymous_6)","decl":{"start":{"line":139,"column":9},"end":{"line":139,"column":17}},"loc":{"start":{"line":139,"column":17},"end":{"line":140,"column":3}}},"7":{"name":"(anonymous_7)","decl":{"start":{"line":142,"column":9},"end":{"line":142,"column":22}},"loc":{"start":{"line":142,"column":22},"end":{"line":144,"column":3}}},"8":{"name":"(anonymous_8)","decl":{"start":{"line":146,"column":9},"end":{"line":146,"column":22}},"loc":{"start":{"line":146,"column":22},"end":{"line":148,"column":3}}},"9":{"name":"(anonymous_9)","decl":{"start":{"line":150,"column":9},"end":{"line":150,"column":21}},"loc":{"start":{"line":150,"column":21},"end":{"line":152,"column":3}}},"10":{"name":"(anonymous_10)","decl":{"start":{"line":154,"column":9},"end":{"line":154,"column":23}},"loc":{"start":{"line":154,"column":23},"end":{"line":172,"column":3}}},"11":{"name":"(anonymous_11)","decl":{"start":{"line":176,"column":10},"end":{"line":176,"column":33}},"loc":{"start":{"line":176,"column":50},"end":{"line":180,"column":3}}},"12":{"name":"(anonymous_12)","decl":{"start":{"line":178,"column":30},"end":{"line":178,"column":31}},"loc":{"start":{"line":178,"column":40},"end":{"line":178,"column":45}}},"13":{"name":"(anonymous_13)","decl":{"start":{"line":182,"column":9},"end":{"line":182,"column":39}},"loc":{"start":{"line":182,"column":54},"end":{"line":187,"column":3}}},"14":{"name":"(anonymous_14)","decl":{"start":{"line":189,"column":9},"end":{"line":189,"column":27}},"loc":{"start":{"line":189,"column":42},"end":{"line":194,"column":3}}},"15":{"name":"(anonymous_15)","decl":{"start":{"line":196,"column":9},"end":{"line":196,"column":33}},"loc":{"start":{"line":196,"column":48},"end":{"line":201,"column":3}}},"16":{"name":"(anonymous_16)","decl":{"start":{"line":203,"column":9},"end":{"line":203,"column":26}},"loc":{"start":{"line":203,"column":41},"end":{"line":208,"column":3}}},"17":{"name":"(anonymous_17)","decl":{"start":{"line":210,"column":9},"end":{"line":210,"column":28}},"loc":{"start":{"line":210,"column":43},"end":{"line":212,"column":3}}},"18":{"name":"(anonymous_18)","decl":{"start":{"line":214,"column":9},"end":{"line":214,"column":24}},"loc":{"start":{"line":214,"column":39},"end":{"line":216,"column":3}}},"19":{"name":"(anonymous_19)","decl":{"start":{"line":218,"column":9},"end":{"line":218,"column":30}},"loc":{"start":{"line":218,"column":45},"end":{"line":220,"column":3}}},"20":{"name":"(anonymous_20)","decl":{"start":{"line":222,"column":9},"end":{"line":222,"column":31}},"loc":{"start":{"line":222,"column":46},"end":{"line":224,"column":3}}},"21":{"name":"(anonymous_21)","decl":{"start":{"line":228,"column":9},"end":{"line":228,"column":13}},"loc":{"start":{"line":228,"column":26},"end":{"line":235,"column":3}}},"22":{"name":"(anonymous_22)","decl":{"start":{"line":237,"column":9},"end":{"line":237,"column":16}},"loc":{"start":{"line":237,"column":65},"end":{"line":254,"column":3}}},"23":{"name":"(anonymous_23)","decl":{"start":{"line":256,"column":9},"end":{"line":256,"column":19}},"loc":{"start":{"line":256,"column":32},"end":{"line":258,"column":3}}},"24":{"name":"(anonymous_24)","decl":{"start":{"line":260,"column":9},"end":{"line":260,"column":23}},"loc":{"start":{"line":260,"column":23},"end":{"line":262,"column":3}}},"25":{"name":"(anonymous_25)","decl":{"start":{"line":264,"column":9},"end":{"line":264,"column":19}},"loc":{"start":{"line":264,"column":19},"end":{"line":274,"column":3}}},"26":{"name":"(anonymous_26)","decl":{"start":{"line":276,"column":9},"end":{"line":276,"column":21}},"loc":{"start":{"line":276,"column":49},"end":{"line":278,"column":3}}},"27":{"name":"(anonymous_27)","decl":{"start":{"line":282,"column":9},"end":{"line":282,"column":26}},"loc":{"start":{"line":282,"column":40},"end":{"line":284,"column":3}}},"28":{"name":"(anonymous_28)","decl":{"start":{"line":286,"column":9},"end":{"line":286,"column":33}},"loc":{"start":{"line":286,"column":47},"end":{"line":288,"column":3}}},"29":{"name":"(anonymous_29)","decl":{"start":{"line":290,"column":9},"end":{"line":290,"column":23}},"loc":{"start":{"line":295,"column":3},"end":{"line":300,"column":3}}},"30":{"name":"(anonymous_30)","decl":{"start":{"line":304,"column":9},"end":{"line":304,"column":19}},"loc":{"start":{"line":304,"column":19},"end":{"line":340,"column":3}}},"31":{"name":"(anonymous_31)","decl":{"start":{"line":344,"column":9},"end":{"line":344,"column":26}},"loc":{"start":{"line":344,"column":46},"end":{"line":346,"column":3}}},"32":{"name":"(anonymous_32)","decl":{"start":{"line":348,"column":9},"end":{"line":348,"column":22}},"loc":{"start":{"line":348,"column":22},"end":{"line":371,"column":3}}},"33":{"name":"(anonymous_33)","decl":{"start":{"line":363,"column":40},"end":{"line":363,"column":41}},"loc":{"start":{"line":363,"column":56},"end":{"line":366,"column":7}}},"34":{"name":"(anonymous_34)","decl":{"start":{"line":373,"column":9},"end":{"line":373,"column":24}},"loc":{"start":{"line":373,"column":46},"end":{"line":375,"column":3}}},"35":{"name":"(anonymous_35)","decl":{"start":{"line":379,"column":9},"end":{"line":379,"column":18}},"loc":{"start":{"line":379,"column":66},"end":{"line":382,"column":3}}},"36":{"name":"(anonymous_36)","decl":{"start":{"line":381,"column":11},"end":{"line":381,"column":14}},"loc":{"start":{"line":381,"column":16},"end":{"line":381,"column":60}}},"37":{"name":"(anonymous_37)","decl":{"start":{"line":384,"column":10},"end":{"line":384,"column":25}},"loc":{"start":{"line":384,"column":25},"end":{"line":394,"column":3}}},"38":{"name":"(anonymous_38)","decl":{"start":{"line":389,"column":34},"end":{"line":389,"column":42}},"loc":{"start":{"line":389,"column":45},"end":{"line":393,"column":5}}},"39":{"name":"(anonymous_39)","decl":{"start":{"line":398,"column":9},"end":{"line":398,"column":29}},"loc":{"start":{"line":398,"column":29},"end":{"line":428,"column":3}}},"40":{"name":"(anonymous_40)","decl":{"start":{"line":425,"column":7},"end":{"line":425,"column":8}},"loc":{"start":{"line":425,"column":26},"end":{"line":425,"column":60}}},"41":{"name":"(anonymous_41)","decl":{"start":{"line":432,"column":9},"end":{"line":432,"column":14}},"loc":{"start":{"line":432,"column":14},"end":{"line":447,"column":3}}},"42":{"name":"(anonymous_42)","decl":{"start":{"line":452,"column":42},"end":{"line":452,"column":51}},"loc":{"start":{"line":452,"column":53},"end":{"line":454,"column":1}}},"43":{"name":"(anonymous_43)","decl":{"start":{"line":456,"column":41},"end":{"line":456,"column":50}},"loc":{"start":{"line":456,"column":52},"end":{"line":458,"column":1}}},"44":{"name":"(anonymous_44)","decl":{"start":{"line":460,"column":37},"end":{"line":460,"column":60}},"loc":{"start":{"line":460,"column":62},"end":{"line":462,"column":1}}},"45":{"name":"(anonymous_45)","decl":{"start":{"line":464,"column":40},"end":{"line":464,"column":51}},"loc":{"start":{"line":464,"column":53},"end":{"line":466,"column":1}}}},"branchMap":{"0":{"loc":{"start":{"line":88,"column":24},"end":{"line":88,"column":95}},"type":"binary-expr","locations":[{"start":{"line":88,"column":24},"end":{"line":88,"column":54}},{"start":{"line":88,"column":58},"end":{"line":88,"column":95}}]},"1":{"loc":{"start":{"line":89,"column":28},"end":{"line":89,"column":60}},"type":"cond-expr","locations":[{"start":{"line":89,"column":48},"end":{"line":89,"column":53}},{"start":{"line":89,"column":56},"end":{"line":89,"column":60}}]},"2":{"loc":{"start":{"line":97,"column":4},"end":{"line":99,"column":5}},"type":"if","locations":[{"start":{"line":97,"column":4},"end":{"line":99,"column":5}},{"start":{},"end":{}}]},"3":{"loc":{"start":{"line":104,"column":4},"end":{"line":107,"column":5}},"type":"if","locations":[{"start":{"line":104,"column":4},"end":{"line":107,"column":5}},{"start":{},"end":{}}]},"4":{"loc":{"start":{"line":112,"column":4},"end":{"line":116,"column":5}},"type":"if","locations":[{"start":{"line":112,"column":4},"end":{"line":116,"column":5}},{"start":{},"end":{}}]},"5":{"loc":{"start":{"line":112,"column":8},"end":{"line":112,"column":95}},"type":"binary-expr","locations":[{"start":{"line":112,"column":8},"end":{"line":112,"column":37}},{"start":{"line":112,"column":41},"end":{"line":112,"column":64}},{"start":{"line":112,"column":69},"end":{"line":112,"column":95}}]},"6":{"loc":{"start":{"line":122,"column":4},"end":{"line":122,"column":35}},"type":"if","locations":[{"start":{"line":122,"column":4},"end":{"line":122,"column":35}},{"start":{},"end":{}}]},"7":{"loc":{"start":{"line":127,"column":4},"end":{"line":130,"column":5}},"type":"if","locations":[{"start":{"line":127,"column":4},"end":{"line":130,"column":5}},{"start":{},"end":{}}]},"8":{"loc":{"start":{"line":155,"column":4},"end":{"line":157,"column":5}},"type":"if","locations":[{"start":{"line":155,"column":4},"end":{"line":157,"column":5}},{"start":{},"end":{}}]},"9":{"loc":{"start":{"line":155,"column":8},"end":{"line":155,"column":67}},"type":"binary-expr","locations":[{"start":{"line":155,"column":8},"end":{"line":155,"column":37}},{"start":{"line":155,"column":41},"end":{"line":155,"column":67}}]},"10":{"loc":{"start":{"line":163,"column":4},"end":{"line":165,"column":5}},"type":"if","locations":[{"start":{"line":163,"column":4},"end":{"line":165,"column":5}},{"start":{},"end":{}}]},"11":{"loc":{"start":{"line":177,"column":4},"end":{"line":177,"column":38}},"type":"if","locations":[{"start":{"line":177,"column":4},"end":{"line":177,"column":38}},{"start":{},"end":{}}]},"12":{"loc":{"start":{"line":184,"column":4},"end":{"line":186,"column":5}},"type":"if","locations":[{"start":{"line":184,"column":4},"end":{"line":186,"column":5}},{"start":{},"end":{}}]},"13":{"loc":{"start":{"line":191,"column":4},"end":{"line":193,"column":5}},"type":"if","locations":[{"start":{"line":191,"column":4},"end":{"line":193,"column":5}},{"start":{},"end":{}}]},"14":{"loc":{"start":{"line":198,"column":4},"end":{"line":200,"column":5}},"type":"if","locations":[{"start":{"line":198,"column":4},"end":{"line":200,"column":5}},{"start":{},"end":{}}]},"15":{"loc":{"start":{"line":205,"column":4},"end":{"line":207,"column":5}},"type":"if","locations":[{"start":{"line":205,"column":4},"end":{"line":207,"column":5}},{"start":{},"end":{}}]},"16":{"loc":{"start":{"line":232,"column":4},"end":{"line":234,"column":5}},"type":"if","locations":[{"start":{"line":232,"column":4},"end":{"line":234,"column":5}},{"start":{},"end":{}}]},"17":{"loc":{"start":{"line":232,"column":8},"end":{"line":232,"column":64}},"type":"binary-expr","locations":[{"start":{"line":232,"column":8},"end":{"line":232,"column":37}},{"start":{"line":232,"column":41},"end":{"line":232,"column":64}}]},"18":{"loc":{"start":{"line":241,"column":4},"end":{"line":244,"column":5}},"type":"if","locations":[{"start":{"line":241,"column":4},"end":{"line":244,"column":5}},{"start":{},"end":{}}]},"19":{"loc":{"start":{"line":241,"column":8},"end":{"line":241,"column":56}},"type":"binary-expr","locations":[{"start":{"line":241,"column":8},"end":{"line":241,"column":31}},{"start":{"line":241,"column":35},"end":{"line":241,"column":56}}]},"20":{"loc":{"start":{"line":249,"column":4},"end":{"line":251,"column":5}},"type":"if","locations":[{"start":{"line":249,"column":4},"end":{"line":251,"column":5}},{"start":{},"end":{}}]},"21":{"loc":{"start":{"line":249,"column":8},"end":{"line":249,"column":64}},"type":"binary-expr","locations":[{"start":{"line":249,"column":8},"end":{"line":249,"column":37}},{"start":{"line":249,"column":41},"end":{"line":249,"column":64}}]},"22":{"loc":{"start":{"line":268,"column":4},"end":{"line":273,"column":5}},"type":"if","locations":[{"start":{"line":268,"column":4},"end":{"line":273,"column":5}},{"start":{},"end":{}}]},"23":{"loc":{"start":{"line":268,"column":8},"end":{"line":268,"column":64}},"type":"binary-expr","locations":[{"start":{"line":268,"column":8},"end":{"line":268,"column":37}},{"start":{"line":268,"column":41},"end":{"line":268,"column":64}}]},"24":{"loc":{"start":{"line":296,"column":4},"end":{"line":296,"column":96}},"type":"if","locations":[{"start":{"line":296,"column":4},"end":{"line":296,"column":96}},{"start":{},"end":{}}]},"25":{"loc":{"start":{"line":297,"column":4},"end":{"line":297,"column":72}},"type":"if","locations":[{"start":{"line":297,"column":4},"end":{"line":297,"column":72}},{"start":{},"end":{}}]},"26":{"loc":{"start":{"line":298,"column":4},"end":{"line":298,"column":102}},"type":"if","locations":[{"start":{"line":298,"column":4},"end":{"line":298,"column":102}},{"start":{},"end":{}}]},"27":{"loc":{"start":{"line":299,"column":4},"end":{"line":299,"column":99}},"type":"if","locations":[{"start":{"line":299,"column":4},"end":{"line":299,"column":99}},{"start":{},"end":{}}]},"28":{"loc":{"start":{"line":328,"column":25},"end":{"line":328,"column":64}},"type":"binary-expr","locations":[{"start":{"line":328,"column":25},"end":{"line":328,"column":59}},{"start":{"line":328,"column":63},"end":{"line":328,"column":64}}]},"29":{"loc":{"start":{"line":329,"column":22},"end":{"line":329,"column":62}},"type":"binary-expr","locations":[{"start":{"line":329,"column":22},"end":{"line":329,"column":57}},{"start":{"line":329,"column":61},"end":{"line":329,"column":62}}]},"30":{"loc":{"start":{"line":330,"column":29},"end":{"line":330,"column":76}},"type":"binary-expr","locations":[{"start":{"line":330,"column":29},"end":{"line":330,"column":71}},{"start":{"line":330,"column":75},"end":{"line":330,"column":76}}]},"31":{"loc":{"start":{"line":331,"column":21},"end":{"line":331,"column":56}},"type":"binary-expr","locations":[{"start":{"line":331,"column":21},"end":{"line":331,"column":51}},{"start":{"line":331,"column":55},"end":{"line":331,"column":56}}]},"32":{"loc":{"start":{"line":332,"column":27},"end":{"line":332,"column":68}},"type":"binary-expr","locations":[{"start":{"line":332,"column":27},"end":{"line":332,"column":63}},{"start":{"line":332,"column":67},"end":{"line":332,"column":68}}]},"33":{"loc":{"start":{"line":359,"column":21},"end":{"line":359,"column":87}},"type":"cond-expr","locations":[{"start":{"line":359,"column":56},"end":{"line":359,"column":75}},{"start":{"line":359,"column":78},"end":{"line":359,"column":87}}]},"34":{"loc":{"start":{"line":364,"column":8},"end":{"line":364,"column":67}},"type":"if","locations":[{"start":{"line":364,"column":8},"end":{"line":364,"column":67}},{"start":{},"end":{}}]},"35":{"loc":{"start":{"line":418,"column":9},"end":{"line":418,"column":94}},"type":"cond-expr","locations":[{"start":{"line":418,"column":47},"end":{"line":418,"column":86}},{"start":{"line":418,"column":89},"end":{"line":418,"column":94}}]},"36":{"loc":{"start":{"line":419,"column":9},"end":{"line":419,"column":94}},"type":"cond-expr","locations":[{"start":{"line":419,"column":47},"end":{"line":419,"column":86}},{"start":{"line":419,"column":89},"end":{"line":419,"column":94}}]},"37":{"loc":{"start":{"line":420,"column":9},"end":{"line":420,"column":94}},"type":"cond-expr","locations":[{"start":{"line":420,"column":47},"end":{"line":420,"column":86}},{"start":{"line":420,"column":89},"end":{"line":420,"column":94}}]},"38":{"loc":{"start":{"line":421,"column":9},"end":{"line":421,"column":87}},"type":"cond-expr","locations":[{"start":{"line":421,"column":47},"end":{"line":421,"column":79}},{"start":{"line":421,"column":82},"end":{"line":421,"column":87}}]},"39":{"loc":{"start":{"line":422,"column":10},"end":{"line":422,"column":97}},"type":"cond-expr","locations":[{"start":{"line":422,"column":49},"end":{"line":422,"column":89}},{"start":{"line":422,"column":92},"end":{"line":422,"column":97}}]},"40":{"loc":{"start":{"line":424,"column":2},"end":{"line":426,"column":24}},"type":"binary-expr","locations":[{"start":{"line":424,"column":2},"end":{"line":426,"column":13}},{"start":{"line":426,"column":17},"end":{"line":426,"column":24}}]}},"s":{"0":1,"1":1,"2":1,"3":1,"4":1,"5":1,"6":1,"7":1,"8":1,"9":1,"10":1,"11":1,"12":1,"13":1,"14":1,"15":1,"16":1,"17":1,"18":1,"19":1,"20":1,"21":1,"22":1,"23":1,"24":1,"25":1,"26":1,"27":21,"28":1,"29":21,"30":1,"31":0,"32":0,"33":1,"34":1,"35":1,"36":0,"37":0,"38":1,"39":1,"40":0,"41":1,"42":1,"43":1,"44":0,"45":0,"46":1,"47":0,"48":1,"49":1,"50":1,"51":6,"52":0,"53":6,"54":6,"55":6,"56":0,"57":20,"58":4,"59":16,"60":20,"61":16,"62":2,"63":2,"64":0,"65":1,"66":1,"67":0,"68":1,"69":1,"70":0,"71":1,"72":1,"73":0,"74":0,"75":0,"76":0,"77":0,"78":2,"79":2,"80":2,"81":2,"82":2,"83":2,"84":2,"85":2,"86":1,"87":1,"88":1,"89":1,"90":1,"91":1,"92":1,"93":1,"94":1,"95":7,"96":1,"97":1,"98":1,"99":1,"100":1,"101":0,"102":4,"103":0,"104":0,"105":1,"106":1,"107":1,"108":1,"109":1,"110":1,"111":1,"112":1,"113":5,"114":5,"115":5,"116":1,"117":1,"118":1,"119":1,"120":1,"121":33,"122":1,"123":32,"124":0,"125":0,"126":1,"127":1,"128":1,"129":1,"130":0,"131":0,"132":0,"133":0,"134":0,"135":0,"136":0,"137":1,"138":1,"139":0,"140":0,"141":0,"142":0,"143":0,"144":0,"145":0,"146":0,"147":0,"148":0,"149":0,"150":0,"151":0,"152":0,"153":0,"154":1,"155":1,"156":1,"157":1,"158":0,"159":1,"160":1,"161":0,"162":1,"163":1,"164":0,"165":1,"166":1,"167":0,"168":1},"f":{"0":1,"1":21,"2":1,"3":0,"4":1,"5":0,"6":0,"7":1,"8":1,"9":1,"10":6,"11":20,"12":20,"13":2,"14":1,"15":1,"16":1,"17":0,"18":0,"19":0,"20":0,"21":2,"22":2,"23":1,"24":7,"25":1,"26":4,"27":0,"28":0,"29":1,"30":5,"31":1,"32":1,"33":33,"34":1,"35":1,"36":1,"37":0,"38":0,"39":1,"40":0,"41":0,"42":0,"43":0,"44":0,"45":0},"b":{"0":[1,1],"1":[0,1],"2":[1,20],"3":[0,1],"4":[0,1],"5":[1,1,1],"6":[0,1],"7":[0,1],"8":[0,6],"9":[6,6],"10":[6,0],"11":[4,16],"12":[0,2],"13":[0,1],"14":[0,1],"15":[0,1],"16":[2,0],"17":[2,2],"18":[1,1],"19":[2,1],"20":[1,0],"21":[1,1],"22":[1,0],"23":[1,1],"24":[1,0],"25":[1,0],"26":[1,0],"27":[1,0],"28":[5,5],"29":[5,5],"30":[5,5],"31":[5,5],"32":[5,5],"33":[1,0],"34":[1,32],"35":[0,1],"36":[0,1],"37":[0,1],"38":[0,1],"39":[0,1],"40":[1,1]}}
,"D:\\BIAN\\OPIC\\src\\lib\\performance\\PositionInterpolator.ts": {"path":"D:\\BIAN\\OPIC\\src\\lib\\performance\\PositionInterpolator.ts","statementMap":{"0":{"start":{"line":15,"column":0},"end":{"line":15,"column":32}},"1":{"start":{"line":81,"column":4},"end":{"line":81,"column":28}},"2":{"start":{"line":82,"column":4},"end":{"line":82,"column":51}},"3":{"start":{"line":103,"column":26},"end":{"line":103,"column":50}},"4":{"start":{"line":104,"column":24},"end":{"line":104,"column":34}},"5":{"start":{"line":106,"column":4},"end":{"line":129,"column":5}},"6":{"start":{"line":108,"column":30},"end":{"line":108,"column":80}},"7":{"start":{"line":110,"column":6},"end":{"line":117,"column":9}},"8":{"start":{"line":121,"column":6},"end":{"line":128,"column":9}},"9":{"start":{"line":148,"column":18},"end":{"line":148,"column":42}},"10":{"start":{"line":150,"column":4},"end":{"line":153,"column":5}},"11":{"start":{"line":152,"column":6},"end":{"line":152,"column":34}},"12":{"start":{"line":156,"column":21},"end":{"line":156,"column":52}},"13":{"start":{"line":158,"column":4},"end":{"line":161,"column":5}},"14":{"start":{"line":160,"column":6},"end":{"line":160,"column":39}},"15":{"start":{"line":163,"column":20},"end":{"line":163,"column":49}},"16":{"start":{"line":164,"column":19},"end":{"line":164,"column":37}},"17":{"start":{"line":167,"column":4},"end":{"line":167,"column":50}},"18":{"start":{"line":170,"column":4},"end":{"line":170,"column":37}},"19":{"start":{"line":174,"column":33},"end":{"line":177,"column":null}},"20":{"start":{"line":180,"column":4},"end":{"line":180,"column":32}},"21":{"start":{"line":196,"column":4},"end":{"line":196,"column":37}},"22":{"start":{"line":196,"column":16},"end":{"line":196,"column":37}},"23":{"start":{"line":197,"column":4},"end":{"line":197,"column":35}},"24":{"start":{"line":197,"column":16},"end":{"line":197,"column":35}},"25":{"start":{"line":200,"column":24},"end":{"line":200,"column":38}},"26":{"start":{"line":201,"column":22},"end":{"line":201,"column":34}},"27":{"start":{"line":204,"column":4},"end":{"line":210,"column":5}},"28":{"start":{"line":205,"column":6},"end":{"line":209,"column":8}},"29":{"start":{"line":213,"column":22},"end":{"line":213,"column":47}},"30":{"start":{"line":214,"column":20},"end":{"line":214,"column":43}},"31":{"start":{"line":217,"column":14},"end":{"line":217,"column":36}},"32":{"start":{"line":220,"column":4},"end":{"line":220,"column":41}},"33":{"start":{"line":223,"column":18},"end":{"line":223,"column":32}},"34":{"start":{"line":226,"column":4},"end":{"line":232,"column":5}},"35":{"start":{"line":227,"column":6},"end":{"line":231,"column":8}},"36":{"start":{"line":235,"column":21},"end":{"line":235,"column":36}},"37":{"start":{"line":236,"column":20},"end":{"line":236,"column":56}},"38":{"start":{"line":237,"column":20},"end":{"line":237,"column":50}},"39":{"start":{"line":240,"column":22},"end":{"line":243,"column":null}},"40":{"start":{"line":247,"column":19},"end":{"line":247,"column":62}},"41":{"start":{"line":250,"column":4},"end":{"line":250,"column":44}},"42":{"start":{"line":272,"column":22},"end":{"line":272,"column":48}},"43":{"start":{"line":274,"column":4},"end":{"line":277,"column":7}},"44":{"start":{"line":275,"column":23},"end":{"line":275,"column":73}},"45":{"start":{"line":276,"column":6},"end":{"line":276,"column":39}},"46":{"start":{"line":279,"column":4},"end":{"line":279,"column":21}},"47":{"start":{"line":295,"column":4},"end":{"line":295,"column":32}},"48":{"start":{"line":309,"column":4},"end":{"line":309,"column":24}},"49":{"start":{"line":320,"column":4},"end":{"line":320,"column":28}},"50":{"start":{"line":332,"column":4},"end":{"line":332,"column":36}},"51":{"start":{"line":343,"column":4},"end":{"line":343,"column":38}},"52":{"start":{"line":352,"column":4},"end":{"line":352,"column":36}},"53":{"start":{"line":68,"column":0},"end":{"line":68,"column":13}}},"fnMap":{"0":{"name":"(anonymous_0)","decl":{"start":{"line":80,"column":2},"end":{"line":80,"column":14}},"loc":{"start":{"line":80,"column":65},"end":{"line":83,"column":3}}},"1":{"name":"(anonymous_1)","decl":{"start":{"line":102,"column":2},"end":{"line":102,"column":11}},"loc":{"start":{"line":102,"column":68},"end":{"line":130,"column":3}}},"2":{"name":"(anonymous_2)","decl":{"start":{"line":147,"column":2},"end":{"line":147,"column":25}},"loc":{"start":{"line":147,"column":62},"end":{"line":181,"column":3}}},"3":{"name":"(anonymous_3)","decl":{"start":{"line":194,"column":10},"end":{"line":194,"column":15}},"loc":{"start":{"line":194,"column":55},"end":{"line":251,"column":3}}},"4":{"name":"(anonymous_4)","decl":{"start":{"line":271,"column":2},"end":{"line":271,"column":26}},"loc":{"start":{"line":271,"column":46},"end":{"line":280,"column":3}}},"5":{"name":"(anonymous_5)","decl":{"start":{"line":274,"column":24},"end":{"line":274,"column":25}},"loc":{"start":{"line":274,"column":44},"end":{"line":277,"column":5}}},"6":{"name":"(anonymous_6)","decl":{"start":{"line":294,"column":2},"end":{"line":294,"column":7}},"loc":{"start":{"line":294,"column":23},"end":{"line":296,"column":3}}},"7":{"name":"(anonymous_7)","decl":{"start":{"line":308,"column":2},"end":{"line":308,"column":10}},"loc":{"start":{"line":308,"column":10},"end":{"line":310,"column":3}}},"8":{"name":"(anonymous_8)","decl":{"start":{"line":319,"column":2},"end":{"line":319,"column":15}},"loc":{"start":{"line":319,"column":15},"end":{"line":321,"column":3}}},"9":{"name":"(anonymous_9)","decl":{"start":{"line":331,"column":2},"end":{"line":331,"column":10}},"loc":{"start":{"line":331,"column":26},"end":{"line":333,"column":3}}},"10":{"name":"(anonymous_10)","decl":{"start":{"line":342,"column":2},"end":{"line":342,"column":24}},"loc":{"start":{"line":342,"column":52},"end":{"line":344,"column":3}}},"11":{"name":"(anonymous_11)","decl":{"start":{"line":351,"column":2},"end":{"line":351,"column":24}},"loc":{"start":{"line":351,"column":24},"end":{"line":353,"column":3}}}},"branchMap":{"0":{"loc":{"start":{"line":80,"column":14},"end":{"line":80,"column":65}},"type":"default-arg","locations":[{"start":{"line":80,"column":57},"end":{"line":80,"column":65}}]},"1":{"loc":{"start":{"line":106,"column":4},"end":{"line":129,"column":5}},"type":"if","locations":[{"start":{"line":106,"column":4},"end":{"line":129,"column":5}},{"start":{"line":118,"column":11},"end":{"line":129,"column":5}}]},"2":{"loc":{"start":{"line":150,"column":4},"end":{"line":153,"column":5}},"type":"if","locations":[{"start":{"line":150,"column":4},"end":{"line":153,"column":5}},{"start":{},"end":{}}]},"3":{"loc":{"start":{"line":158,"column":4},"end":{"line":161,"column":5}},"type":"if","locations":[{"start":{"line":158,"column":4},"end":{"line":161,"column":5}},{"start":{},"end":{}}]},"4":{"loc":{"start":{"line":196,"column":4},"end":{"line":196,"column":37}},"type":"if","locations":[{"start":{"line":196,"column":4},"end":{"line":196,"column":37}},{"start":{},"end":{}}]},"5":{"loc":{"start":{"line":197,"column":4},"end":{"line":197,"column":35}},"type":"if","locations":[{"start":{"line":197,"column":4},"end":{"line":197,"column":35}},{"start":{},"end":{}}]},"6":{"loc":{"start":{"line":204,"column":4},"end":{"line":210,"column":5}},"type":"if","locations":[{"start":{"line":204,"column":4},"end":{"line":210,"column":5}},{"start":{},"end":{}}]},"7":{"loc":{"start":{"line":204,"column":8},"end":{"line":204,"column":44}},"type":"binary-expr","locations":[{"start":{"line":204,"column":8},"end":{"line":204,"column":25}},{"start":{"line":204,"column":29},"end":{"line":204,"column":44}}]},"8":{"loc":{"start":{"line":226,"column":4},"end":{"line":232,"column":5}},"type":"if","locations":[{"start":{"line":226,"column":4},"end":{"line":232,"column":5}},{"start":{},"end":{}}]}},"s":{"0":1,"1":23,"2":23,"3":22,"4":22,"5":22,"6":2,"7":2,"8":20,"9":12,"10":12,"11":1,"12":11,"13":11,"14":1,"15":10,"16":10,"17":10,"18":10,"19":10,"20":10,"21":10,"22":2,"23":8,"24":2,"25":6,"26":6,"27":6,"28":2,"29":4,"30":4,"31":4,"32":4,"33":4,"34":4,"35":4,"36":0,"37":0,"38":0,"39":0,"40":0,"41":0,"42":2,"43":2,"44":2,"45":2,"46":2,"47":1,"48":1,"49":5,"50":7,"51":1,"52":3,"53":1},"f":{"0":23,"1":22,"2":12,"3":10,"4":2,"5":2,"6":1,"7":1,"8":5,"9":7,"10":1,"11":3},"b":{"0":[22],"1":[2,20],"2":[1,11],"3":[1,10],"4":[2,8],"5":[2,6],"6":[2,4],"7":[6,4],"8":[4,0]}}
,"D:\\BIAN\\OPIC\\src\\lib\\performance\\QualityController.ts": {"path":"D:\\BIAN\\OPIC\\src\\lib\\performance\\QualityController.ts","statementMap":{"0":{"start":{"line":17,"column":0},"end":{"line":17,"column":57}},"1":{"start":{"line":46,"column":0},"end":{"line":46,"column":null}},"2":{"start":{"line":48,"column":2},"end":{"line":48,"column":null}},"3":{"start":{"line":50,"column":2},"end":{"line":50,"column":null}},"4":{"start":{"line":52,"column":2},"end":{"line":52,"column":null}},"5":{"start":{"line":115,"column":4},"end":{"line":115,"column":49}},"6":{"start":{"line":118,"column":4},"end":{"line":121,"column":6}},"7":{"start":{"line":124,"column":4},"end":{"line":124,"column":77}},"8":{"start":{"line":125,"column":4},"end":{"line":125,"column":32}},"9":{"start":{"line":128,"column":4},"end":{"line":128,"column":62}},"10":{"start":{"line":129,"column":4},"end":{"line":129,"column":64}},"11":{"start":{"line":132,"column":4},"end":{"line":132,"column":29}},"12":{"start":{"line":133,"column":4},"end":{"line":133,"column":30}},"13":{"start":{"line":136,"column":4},"end":{"line":136,"column":51}},"14":{"start":{"line":139,"column":4},"end":{"line":146,"column":6}},"15":{"start":{"line":165,"column":16},"end":{"line":165,"column":26}},"16":{"start":{"line":168,"column":4},"end":{"line":170,"column":5}},"17":{"start":{"line":169,"column":6},"end":{"line":169,"column":13}},"18":{"start":{"line":172,"column":19},"end":{"line":172,"column":58}},"19":{"start":{"line":175,"column":4},"end":{"line":188,"column":5}},"20":{"start":{"line":176,"column":6},"end":{"line":184,"column":7}},"21":{"start":{"line":177,"column":8},"end":{"line":177,"column":35}},"22":{"start":{"line":178,"column":13},"end":{"line":184,"column":7}},"23":{"start":{"line":180,"column":8},"end":{"line":180,"column":31}},"24":{"start":{"line":181,"column":8},"end":{"line":181,"column":33}},"25":{"start":{"line":182,"column":8},"end":{"line":182,"column":34}},"26":{"start":{"line":183,"column":8},"end":{"line":183,"column":38}},"27":{"start":{"line":187,"column":6},"end":{"line":187,"column":31}},"28":{"start":{"line":191,"column":4},"end":{"line":204,"column":5}},"29":{"start":{"line":192,"column":6},"end":{"line":200,"column":7}},"30":{"start":{"line":193,"column":8},"end":{"line":193,"column":36}},"31":{"start":{"line":194,"column":13},"end":{"line":200,"column":7}},"32":{"start":{"line":196,"column":8},"end":{"line":196,"column":31}},"33":{"start":{"line":197,"column":8},"end":{"line":197,"column":33}},"34":{"start":{"line":198,"column":8},"end":{"line":198,"column":34}},"35":{"start":{"line":199,"column":8},"end":{"line":199,"column":38}},"36":{"start":{"line":203,"column":6},"end":{"line":203,"column":32}},"37":{"start":{"line":216,"column":4},"end":{"line":219,"column":5}},"38":{"start":{"line":218,"column":6},"end":{"line":218,"column":13}},"39":{"start":{"line":221,"column":4},"end":{"line":232,"column":5}},"40":{"start":{"line":223,"column":6},"end":{"line":223,"column":53}},"41":{"start":{"line":224,"column":6},"end":{"line":224,"column":49}},"42":{"start":{"line":225,"column":6},"end":{"line":225,"column":58}},"43":{"start":{"line":226,"column":11},"end":{"line":232,"column":5}},"44":{"start":{"line":228,"column":6},"end":{"line":228,"column":50}},"45":{"start":{"line":229,"column":6},"end":{"line":229,"column":49}},"46":{"start":{"line":230,"column":6},"end":{"line":230,"column":58}},"47":{"start":{"line":231,"column":6},"end":{"line":231,"column":54}},"48":{"start":{"line":244,"column":4},"end":{"line":247,"column":5}},"49":{"start":{"line":246,"column":6},"end":{"line":246,"column":13}},"50":{"start":{"line":249,"column":4},"end":{"line":260,"column":5}},"51":{"start":{"line":251,"column":6},"end":{"line":251,"column":53}},"52":{"start":{"line":252,"column":6},"end":{"line":252,"column":49}},"53":{"start":{"line":253,"column":6},"end":{"line":253,"column":58}},"54":{"start":{"line":254,"column":6},"end":{"line":254,"column":54}},"55":{"start":{"line":255,"column":11},"end":{"line":260,"column":5}},"56":{"start":{"line":257,"column":6},"end":{"line":257,"column":51}},"57":{"start":{"line":258,"column":6},"end":{"line":258,"column":49}},"58":{"start":{"line":259,"column":6},"end":{"line":259,"column":58}},"59":{"start":{"line":275,"column":4},"end":{"line":275,"column":39}},"60":{"start":{"line":292,"column":4},"end":{"line":295,"column":6}},"61":{"start":{"line":298,"column":4},"end":{"line":298,"column":41}},"62":{"start":{"line":307,"column":4},"end":{"line":307,"column":36}},"63":{"start":{"line":316,"column":4},"end":{"line":316,"column":37}},"64":{"start":{"line":319,"column":4},"end":{"line":335,"column":5}},"65":{"start":{"line":321,"column":8},"end":{"line":321,"column":51}},"66":{"start":{"line":322,"column":8},"end":{"line":322,"column":60}},"67":{"start":{"line":323,"column":8},"end":{"line":323,"column":56}},"68":{"start":{"line":324,"column":8},"end":{"line":324,"column":14}},"69":{"start":{"line":326,"column":8},"end":{"line":326,"column":51}},"70":{"start":{"line":327,"column":8},"end":{"line":327,"column":60}},"71":{"start":{"line":328,"column":8},"end":{"line":328,"column":56}},"72":{"start":{"line":329,"column":8},"end":{"line":329,"column":14}},"73":{"start":{"line":331,"column":8},"end":{"line":331,"column":51}},"74":{"start":{"line":332,"column":8},"end":{"line":332,"column":60}},"75":{"start":{"line":333,"column":8},"end":{"line":333,"column":56}},"76":{"start":{"line":334,"column":8},"end":{"line":334,"column":14}},"77":{"start":{"line":338,"column":4},"end":{"line":338,"column":41}},"78":{"start":{"line":347,"column":4},"end":{"line":347,"column":57}},"79":{"start":{"line":356,"column":4},"end":{"line":356,"column":58}},"80":{"start":{"line":366,"column":4},"end":{"line":366,"column":39}},"81":{"start":{"line":375,"column":4},"end":{"line":375,"column":37}},"82":{"start":{"line":384,"column":4},"end":{"line":384,"column":39}},"83":{"start":{"line":393,"column":4},"end":{"line":393,"column":35}},"84":{"start":{"line":402,"column":4},"end":{"line":402,"column":51}},"85":{"start":{"line":403,"column":4},"end":{"line":403,"column":32}},"86":{"start":{"line":404,"column":4},"end":{"line":404,"column":29}},"87":{"start":{"line":405,"column":4},"end":{"line":405,"column":30}},"88":{"start":{"line":407,"column":4},"end":{"line":414,"column":6}},"89":{"start":{"line":78,"column":0},"end":{"line":78,"column":13}}},"fnMap":{"0":{"name":"(anonymous_0)","decl":{"start":{"line":46,"column":0},"end":{"line":46,"column":12}},"loc":{"start":{"line":46,"column":24},"end":{"line":53,"column":1}}},"1":{"name":"(anonymous_1)","decl":{"start":{"line":114,"column":2},"end":{"line":114,"column":14}},"loc":{"start":{"line":114,"column":52},"end":{"line":147,"column":3}}},"2":{"name":"(anonymous_2)","decl":{"start":{"line":164,"column":2},"end":{"line":164,"column":15}},"loc":{"start":{"line":164,"column":15},"end":{"line":205,"column":3}}},"3":{"name":"(anonymous_3)","decl":{"start":{"line":215,"column":10},"end":{"line":215,"column":25}},"loc":{"start":{"line":215,"column":25},"end":{"line":233,"column":3}}},"4":{"name":"(anonymous_4)","decl":{"start":{"line":243,"column":10},"end":{"line":243,"column":25}},"loc":{"start":{"line":243,"column":25},"end":{"line":261,"column":3}}},"5":{"name":"(anonymous_5)","decl":{"start":{"line":274,"column":2},"end":{"line":274,"column":13}},"loc":{"start":{"line":274,"column":13},"end":{"line":276,"column":3}}},"6":{"name":"(anonymous_6)","decl":{"start":{"line":291,"column":2},"end":{"line":291,"column":13}},"loc":{"start":{"line":291,"column":48},"end":{"line":299,"column":3}}},"7":{"name":"(anonymous_7)","decl":{"start":{"line":306,"column":2},"end":{"line":306,"column":17}},"loc":{"start":{"line":306,"column":17},"end":{"line":308,"column":3}}},"8":{"name":"(anonymous_8)","decl":{"start":{"line":315,"column":2},"end":{"line":315,"column":17}},"loc":{"start":{"line":315,"column":37},"end":{"line":339,"column":3}}},"9":{"name":"(anonymous_9)","decl":{"start":{"line":346,"column":2},"end":{"line":346,"column":19}},"loc":{"start":{"line":346,"column":19},"end":{"line":348,"column":3}}},"10":{"name":"(anonymous_10)","decl":{"start":{"line":355,"column":2},"end":{"line":355,"column":20}},"loc":{"start":{"line":355,"column":20},"end":{"line":357,"column":3}}},"11":{"name":"(anonymous_11)","decl":{"start":{"line":365,"column":2},"end":{"line":365,"column":18}},"loc":{"start":{"line":365,"column":44},"end":{"line":367,"column":3}}},"12":{"name":"(anonymous_12)","decl":{"start":{"line":374,"column":2},"end":{"line":374,"column":18}},"loc":{"start":{"line":374,"column":18},"end":{"line":376,"column":3}}},"13":{"name":"(anonymous_13)","decl":{"start":{"line":383,"column":2},"end":{"line":383,"column":23}},"loc":{"start":{"line":383,"column":40},"end":{"line":385,"column":3}}},"14":{"name":"(anonymous_14)","decl":{"start":{"line":392,"column":2},"end":{"line":392,"column":23}},"loc":{"start":{"line":392,"column":23},"end":{"line":394,"column":3}}},"15":{"name":"(anonymous_15)","decl":{"start":{"line":401,"column":2},"end":{"line":401,"column":7}},"loc":{"start":{"line":401,"column":7},"end":{"line":415,"column":3}}}},"branchMap":{"0":{"loc":{"start":{"line":46,"column":12},"end":{"line":46,"column":null}},"type":"binary-expr","locations":[{"start":{"line":46,"column":12},"end":{"line":46,"column":24}},{"start":{"line":46,"column":24},"end":{"line":46,"column":null}}]},"1":{"loc":{"start":{"line":168,"column":4},"end":{"line":170,"column":5}},"type":"if","locations":[{"start":{"line":168,"column":4},"end":{"line":170,"column":5}},{"start":{},"end":{}}]},"2":{"loc":{"start":{"line":175,"column":4},"end":{"line":188,"column":5}},"type":"if","locations":[{"start":{"line":175,"column":4},"end":{"line":188,"column":5}},{"start":{"line":185,"column":11},"end":{"line":188,"column":5}}]},"3":{"loc":{"start":{"line":176,"column":6},"end":{"line":184,"column":7}},"type":"if","locations":[{"start":{"line":176,"column":6},"end":{"line":184,"column":7}},{"start":{"line":178,"column":13},"end":{"line":184,"column":7}}]},"4":{"loc":{"start":{"line":178,"column":13},"end":{"line":184,"column":7}},"type":"if","locations":[{"start":{"line":178,"column":13},"end":{"line":184,"column":7}},{"start":{},"end":{}}]},"5":{"loc":{"start":{"line":191,"column":4},"end":{"line":204,"column":5}},"type":"if","locations":[{"start":{"line":191,"column":4},"end":{"line":204,"column":5}},{"start":{"line":201,"column":11},"end":{"line":204,"column":5}}]},"6":{"loc":{"start":{"line":192,"column":6},"end":{"line":200,"column":7}},"type":"if","locations":[{"start":{"line":192,"column":6},"end":{"line":200,"column":7}},{"start":{"line":194,"column":13},"end":{"line":200,"column":7}}]},"7":{"loc":{"start":{"line":194,"column":13},"end":{"line":200,"column":7}},"type":"if","locations":[{"start":{"line":194,"column":13},"end":{"line":200,"column":7}},{"start":{},"end":{}}]},"8":{"loc":{"start":{"line":216,"column":4},"end":{"line":219,"column":5}},"type":"if","locations":[{"start":{"line":216,"column":4},"end":{"line":219,"column":5}},{"start":{},"end":{}}]},"9":{"loc":{"start":{"line":221,"column":4},"end":{"line":232,"column":5}},"type":"if","locations":[{"start":{"line":221,"column":4},"end":{"line":232,"column":5}},{"start":{"line":226,"column":11},"end":{"line":232,"column":5}}]},"10":{"loc":{"start":{"line":226,"column":11},"end":{"line":232,"column":5}},"type":"if","locations":[{"start":{"line":226,"column":11},"end":{"line":232,"column":5}},{"start":{},"end":{}}]},"11":{"loc":{"start":{"line":244,"column":4},"end":{"line":247,"column":5}},"type":"if","locations":[{"start":{"line":244,"column":4},"end":{"line":247,"column":5}},{"start":{},"end":{}}]},"12":{"loc":{"start":{"line":249,"column":4},"end":{"line":260,"column":5}},"type":"if","locations":[{"start":{"line":249,"column":4},"end":{"line":260,"column":5}},{"start":{"line":255,"column":11},"end":{"line":260,"column":5}}]},"13":{"loc":{"start":{"line":255,"column":11},"end":{"line":260,"column":5}},"type":"if","locations":[{"start":{"line":255,"column":11},"end":{"line":260,"column":5}},{"start":{},"end":{}}]},"14":{"loc":{"start":{"line":319,"column":4},"end":{"line":335,"column":5}},"type":"switch","locations":[{"start":{"line":320,"column":6},"end":{"line":324,"column":14}},{"start":{"line":325,"column":6},"end":{"line":329,"column":14}},{"start":{"line":330,"column":6},"end":{"line":334,"column":14}}]}},"s":{"0":1,"1":1,"2":1,"3":1,"4":1,"5":20,"6":20,"7":20,"8":20,"9":20,"10":20,"11":20,"12":20,"13":20,"14":20,"15":15,"16":15,"17":2,"18":13,"19":13,"20":7,"21":4,"22":3,"23":2,"24":2,"25":2,"26":2,"27":6,"28":13,"29":6,"30":3,"31":3,"32":2,"33":2,"34":2,"35":2,"36":7,"37":2,"38":1,"39":1,"40":0,"41":0,"42":0,"43":1,"44":1,"45":1,"46":1,"47":1,"48":2,"49":1,"50":1,"51":1,"52":1,"53":1,"54":1,"55":0,"56":0,"57":0,"58":0,"59":10,"60":2,"61":2,"62":12,"63":10,"64":10,"65":5,"66":5,"67":5,"68":5,"69":1,"70":1,"71":1,"72":1,"73":4,"74":4,"75":4,"76":4,"77":10,"78":2,"79":2,"80":1,"81":3,"82":7,"83":1,"84":1,"85":1,"86":1,"87":1,"88":1,"89":1},"f":{"0":1,"1":20,"2":15,"3":2,"4":2,"5":10,"6":2,"7":12,"8":10,"9":2,"10":2,"11":1,"12":3,"13":7,"14":1,"15":1},"b":{"0":[1,1],"1":[2,13],"2":[7,6],"3":[4,3],"4":[2,1],"5":[6,7],"6":[3,3],"7":[2,1],"8":[1,1],"9":[0,1],"10":[1,0],"11":[1,1],"12":[1,0],"13":[0,0],"14":[5,1,4]}}
,"D:\\BIAN\\OPIC\\src\\lib\\performance\\WebVitalsCollector.ts": {"path":"D:\\BIAN\\OPIC\\src\\lib\\performance\\WebVitalsCollector.ts","statementMap":{"0":{"start":{"line":14,"column":10},"end":{"line":14,"column":43}},"1":{"start":{"line":17,"column":4},"end":{"line":17,"column":46}},"2":{"start":{"line":17,"column":39},"end":{"line":17,"column":46}},"3":{"start":{"line":19,"column":4},"end":{"line":29,"column":5}},"4":{"start":{"line":20,"column":53},"end":{"line":20,"column":79}},"5":{"start":{"line":22,"column":6},"end":{"line":22,"column":64}},"6":{"start":{"line":22,"column":26},"end":{"line":22,"column":60}},"7":{"start":{"line":23,"column":6},"end":{"line":23,"column":64}},"8":{"start":{"line":23,"column":26},"end":{"line":23,"column":60}},"9":{"start":{"line":24,"column":6},"end":{"line":24,"column":64}},"10":{"start":{"line":24,"column":26},"end":{"line":24,"column":60}},"11":{"start":{"line":25,"column":6},"end":{"line":25,"column":64}},"12":{"start":{"line":25,"column":26},"end":{"line":25,"column":60}},"13":{"start":{"line":26,"column":6},"end":{"line":26,"column":66}},"14":{"start":{"line":26,"column":27},"end":{"line":26,"column":62}},"15":{"start":{"line":28,"column":6},"end":{"line":28,"column":47}},"16":{"start":{"line":33,"column":4},"end":{"line":33,"column":33}},"17":{"start":{"line":37,"column":4},"end":{"line":37,"column":24}},"18":{"start":{"line":13,"column":0},"end":{"line":13,"column":13}}},"fnMap":{"0":{"name":"(anonymous_9)","decl":{"start":{"line":13,"column":0},"end":{"line":13,"column":13}},"loc":{"start":{"line":13,"column":0},"end":{"line":39,"column":1}}},"1":{"name":"(anonymous_10)","decl":{"start":{"line":16,"column":2},"end":{"line":16,"column":7}},"loc":{"start":{"line":16,"column":18},"end":{"line":30,"column":3}}},"2":{"name":"(anonymous_11)","decl":{"start":{"line":20,"column":53},"end":{"line":20,"column":66}},"loc":{"start":{"line":20,"column":53},"end":{"line":20,"column":79}}},"3":{"name":"(anonymous_12)","decl":{"start":{"line":22,"column":12},"end":{"line":22,"column":13}},"loc":{"start":{"line":22,"column":23},"end":{"line":22,"column":62}}},"4":{"name":"(anonymous_13)","decl":{"start":{"line":23,"column":12},"end":{"line":23,"column":13}},"loc":{"start":{"line":23,"column":23},"end":{"line":23,"column":62}}},"5":{"name":"(anonymous_14)","decl":{"start":{"line":24,"column":12},"end":{"line":24,"column":13}},"loc":{"start":{"line":24,"column":23},"end":{"line":24,"column":62}}},"6":{"name":"(anonymous_15)","decl":{"start":{"line":25,"column":12},"end":{"line":25,"column":13}},"loc":{"start":{"line":25,"column":23},"end":{"line":25,"column":62}}},"7":{"name":"(anonymous_16)","decl":{"start":{"line":26,"column":13},"end":{"line":26,"column":14}},"loc":{"start":{"line":26,"column":24},"end":{"line":26,"column":64}}},"8":{"name":"(anonymous_17)","decl":{"start":{"line":32,"column":2},"end":{"line":32,"column":12}},"loc":{"start":{"line":32,"column":12},"end":{"line":34,"column":3}}},"9":{"name":"(anonymous_18)","decl":{"start":{"line":36,"column":2},"end":{"line":36,"column":7}},"loc":{"start":{"line":36,"column":7},"end":{"line":38,"column":3}}}},"branchMap":{"0":{"loc":{"start":{"line":17,"column":4},"end":{"line":17,"column":46}},"type":"if","locations":[{"start":{"line":17,"column":4},"end":{"line":17,"column":46}},{"start":{},"end":{}}]}},"s":{"0":7,"1":4,"2":0,"3":4,"4":8,"5":4,"6":1,"7":3,"8":1,"9":3,"10":1,"11":3,"12":1,"13":3,"14":1,"15":1,"16":11,"17":1,"18":2},"f":{"0":7,"1":4,"2":4,"3":1,"4":1,"5":1,"6":1,"7":1,"8":11,"9":1},"b":{"0":[0,4]}}
,"D:\\BIAN\\OPIC\\src\\lib\\performance\\performanceConfig.ts": {"path":"D:\\BIAN\\OPIC\\src\\lib\\performance\\performanceConfig.ts","statementMap":{"0":{"start":{"line":64,"column":0},"end":{"line":64,"column":16}},"1":{"start":{"line":79,"column":0},"end":{"line":79,"column":16}},"2":{"start":{"line":89,"column":0},"end":{"line":89,"column":16}},"3":{"start":{"line":65,"column":2},"end":{"line":65,"column":48}},"4":{"start":{"line":90,"column":2},"end":{"line":90,"column":34}},"5":{"start":{"line":96,"column":13},"end":{"line":119,"column":2}}},"fnMap":{"0":{"name":"isDevelopment","decl":{"start":{"line":64,"column":16},"end":{"line":64,"column":29}},"loc":{"start":{"line":64,"column":29},"end":{"line":66,"column":1}}},"1":{"name":"logDebug","decl":{"start":{"line":79,"column":16},"end":{"line":79,"column":24}},"loc":{"start":{"line":79,"column":58},"end":{"line":81,"column":1}}},"2":{"name":"logError","decl":{"start":{"line":89,"column":16},"end":{"line":89,"column":24}},"loc":{"start":{"line":89,"column":56},"end":{"line":91,"column":1}}}},"branchMap":{},"s":{"0":2,"1":2,"2":2,"3":2,"4":0,"5":2},"f":{"0":2,"1":0,"2":0},"b":{}}
}
