TN:
SF:src\lib\performance\FpsTracker.ts
FN:23,(anonymous_0)
FN:43,(anonymous_1)
FN:27,(anonymous_2)
FN:35,(anonymous_3)
FN:66,(anonymous_4)
FN:85,(anonymous_5)
FN:89,(anonymous_6)
FN:91,(anonymous_7)
FN:95,(anonymous_8)
FN:103,(anonymous_9)
FN:107,(anonymous_10)
FNF:11
FNH:11
FNDA:16,(anonymous_0)
FNDA:6,(anonymous_1)
FNDA:6,(anonymous_2)
FNDA:6,(anonymous_3)
FNDA:76,(anonymous_4)
FNDA:11,(anonymous_5)
FNDA:11,(anonymous_6)
FNDA:61,(anonymous_7)
FNDA:8,(anonymous_8)
FNDA:8,(anonymous_9)
FNDA:1,(anonymous_10)
DA:13,2
DA:14,16
DA:15,16
DA:16,16
DA:17,16
DA:18,16
DA:19,16
DA:20,16
DA:21,16
DA:24,16
DA:28,6
DA:29,6
DA:30,6
DA:31,6
DA:32,6
DA:36,6
DA:37,6
DA:38,5
DA:39,5
DA:43,16
DA:44,6
DA:46,6
DA:47,6
DA:49,6
DA:50,0
DA:51,0
DA:52,0
DA:54,0
DA:55,0
DA:56,0
DA:60,6
DA:61,6
DA:63,6
DA:67,76
DA:68,76
DA:70,76
DA:71,75
DA:72,75
DA:73,75
DA:75,75
DA:76,75
DA:77,10
DA:81,76
DA:82,76
DA:86,11
DA:90,11
DA:91,61
DA:92,2
DA:96,8
DA:97,1
DA:104,8
DA:108,1
DA:109,1
DA:110,1
DA:111,1
LF:55
LH:49
BRDA:44,0,0,0
BRDA:44,0,1,6
BRDA:49,1,0,0
BRDA:49,1,1,6
BRDA:55,2,0,0
BRDA:55,2,1,0
BRDA:37,3,0,5
BRDA:37,3,1,1
BRDA:70,4,0,75
BRDA:70,4,1,1
BRDA:76,5,0,10
BRDA:76,5,1,65
BRDA:90,6,0,9
BRDA:90,6,1,2
BRDA:96,7,0,7
BRDA:96,7,1,1
BRF:16
BRH:12
end_of_record
TN:
SF:src\lib\performance\MetricsStorage.ts
FN:20,(anonymous_1)
FN:26,(anonymous_2)
FN:40,(anonymous_3)
FN:66,(anonymous_4)
FN:68,(anonymous_5)
FN:72,(anonymous_6)
FN:83,(anonymous_7)
FN:86,(anonymous_8)
FN:89,(anonymous_9)
FN:91,(anonymous_10)
FN:95,(anonymous_11)
FNF:11
FNH:11
FNDA:15,(anonymous_1)
FNDA:4,(anonymous_2)
FNDA:6,(anonymous_3)
FNDA:2,(anonymous_4)
FNDA:2,(anonymous_5)
FNDA:25,(anonymous_6)
FNDA:16,(anonymous_7)
FNDA:2,(anonymous_8)
FNDA:2,(anonymous_9)
FNDA:2,(anonymous_10)
FNDA:1,(anonymous_11)
DA:20,2
DA:21,15
DA:22,15
DA:23,15
DA:24,15
DA:27,4
DA:29,4
DA:30,4
DA:31,4
DA:32,2
DA:35,1
DA:36,1
DA:41,6
DA:43,6
DA:44,6
DA:45,6
DA:47,6
DA:48,0
DA:51,6
DA:53,1
DA:55,1
DA:56,1
DA:57,1
DA:58,1
DA:60,0
DA:67,2
DA:68,2
DA:69,2
DA:73,25
DA:74,25
DA:84,16
DA:85,1
DA:86,2
DA:90,2
DA:91,2
DA:92,2
DA:96,1
LF:37
LH:35
BRDA:27,0,0,0
BRDA:27,0,1,4
BRDA:27,1,0,4
BRDA:27,1,1,4
BRDA:31,2,0,2
BRDA:31,2,1,2
BRDA:41,3,0,0
BRDA:41,3,1,6
BRDA:41,4,0,6
BRDA:41,4,1,6
BRDA:47,5,0,6
BRDA:47,5,1,0
BRDA:55,6,0,1
BRDA:55,6,1,0
BRDA:55,7,0,1
BRDA:55,7,1,1
BRDA:84,8,0,15
BRDA:84,8,1,1
BRF:18
BRH:14
end_of_record
TN:
SF:src\lib\performance\OrbitalInterpolator.ts
FN:79,(anonymous_0)
FN:92,(anonymous_1)
FN:160,(anonymous_2)
FN:244,(anonymous_3)
FN:285,(anonymous_4)
FN:336,(anonymous_5)
FN:373,(anonymous_6)
FN:375,(anonymous_7)
FN:385,(anonymous_8)
FN:392,(anonymous_9)
FN:399,(anonymous_10)
FN:406,(anonymous_11)
FN:413,(anonymous_12)
FNF:13
FNH:12
FNDA:18,(anonymous_0)
FNDA:18,(anonymous_1)
FNDA:10,(anonymous_2)
FNDA:0,(anonymous_3)
FNDA:8,(anonymous_4)
FNDA:10,(anonymous_5)
FNDA:2,(anonymous_6)
FNDA:2,(anonymous_7)
FNDA:1,(anonymous_8)
FNDA:1,(anonymous_9)
FNDA:6,(anonymous_10)
FNDA:2,(anonymous_11)
FNDA:4,(anonymous_12)
DA:16,1
DA:66,1
DA:69,18
DA:73,18
DA:74,18
DA:75,18
DA:76,18
DA:77,18
DA:80,18
DA:81,18
DA:98,18
DA:99,18
DA:101,18
DA:102,1
DA:104,1
DA:105,1
DA:113,1
DA:115,1
DA:125,1
DA:126,1
DA:132,1
DA:134,17
DA:144,17
DA:145,9
DA:151,17
DA:164,10
DA:165,10
DA:166,10
DA:169,10
DA:170,2
DA:174,8
DA:175,8
DA:177,8
DA:178,0
DA:182,8
DA:185,8
DA:186,8
DA:187,8
DA:188,8
DA:190,8
DA:193,8
DA:194,8
DA:197,8
DA:198,8
DA:202,0
DA:205,0
DA:208,0
DA:214,0
DA:215,0
DA:216,0
DA:219,0
DA:224,0
DA:226,0
DA:236,0
DA:237,0
DA:248,0
DA:249,0
DA:251,0
DA:252,0
DA:254,0
DA:255,0
DA:256,0
DA:258,0
DA:259,0
DA:262,0
DA:267,0
DA:269,0
DA:270,0
DA:272,0
DA:273,0
DA:275,0
DA:277,0
DA:278,0
DA:286,8
DA:287,7
DA:289,6
DA:290,6
DA:292,6
DA:293,2
DA:298,2
DA:301,4
DA:302,4
DA:304,4
DA:305,4
DA:307,4
DA:309,4
DA:310,4
DA:315,4
DA:318,0
DA:319,0
DA:320,0
DA:322,0
DA:328,0
DA:330,0
DA:337,10
DA:339,10
DA:340,1
DA:343,9
DA:345,9
DA:346,1
DA:349,8
DA:350,8
DA:351,8
DA:353,8
DA:354,0
DA:356,0
DA:357,0
DA:358,0
DA:363,0
DA:367,8
DA:374,2
DA:375,2
DA:376,2
DA:377,2
DA:379,2
DA:386,1
DA:393,1
DA:400,6
DA:407,2
DA:414,4
LF:120
LH:79
BRDA:79,0,0,10
BRDA:101,1,0,1
BRDA:101,1,1,17
BRDA:105,2,0,1
BRDA:105,2,1,0
BRDA:113,3,0,1
BRDA:113,3,1,0
BRDA:125,4,0,1
BRDA:125,4,1,0
BRDA:144,5,0,9
BRDA:144,5,1,8
BRDA:169,6,0,2
BRDA:169,6,1,8
BRDA:169,7,0,10
BRDA:169,7,1,10
BRDA:177,8,0,0
BRDA:177,8,1,8
BRDA:197,9,0,8
BRDA:197,9,1,0
BRDA:197,10,0,8
BRDA:197,10,1,0
BRDA:208,11,0,0
BRDA:208,11,1,0
BRDA:249,12,0,0
BRDA:249,12,1,0
BRDA:259,13,0,0
BRDA:259,13,1,0
BRDA:286,14,0,1
BRDA:286,14,1,7
BRDA:287,15,0,1
BRDA:287,15,1,6
BRDA:292,16,0,2
BRDA:292,16,1,4
BRDA:292,17,0,6
BRDA:292,17,1,4
BRDA:309,18,0,4
BRDA:309,18,1,0
BRDA:339,19,0,1
BRDA:339,19,1,9
BRDA:345,20,0,1
BRDA:345,20,1,8
BRDA:353,21,0,0
BRDA:353,21,1,8
BRDA:353,22,0,8
BRDA:353,22,1,1
BRDA:356,23,0,0
BRDA:356,23,1,0
BRF:47
BRH:31
end_of_record
TN:
SF:src\lib\performance\PerformanceMonitor.ts
FN:83,(anonymous_0)
FN:96,(anonymous_1)
FN:103,(anonymous_2)
FN:113,(anonymous_3)
FN:121,(anonymous_4)
FN:135,(anonymous_5)
FN:139,(anonymous_6)
FN:142,(anonymous_7)
FN:146,(anonymous_8)
FN:150,(anonymous_9)
FN:154,(anonymous_10)
FN:176,(anonymous_11)
FN:178,(anonymous_12)
FN:182,(anonymous_13)
FN:189,(anonymous_14)
FN:196,(anonymous_15)
FN:203,(anonymous_16)
FN:210,(anonymous_17)
FN:214,(anonymous_18)
FN:218,(anonymous_19)
FN:222,(anonymous_20)
FN:228,(anonymous_21)
FN:237,(anonymous_22)
FN:256,(anonymous_23)
FN:260,(anonymous_24)
FN:264,(anonymous_25)
FN:276,(anonymous_26)
FN:282,(anonymous_27)
FN:286,(anonymous_28)
FN:290,(anonymous_29)
FN:304,(anonymous_30)
FN:344,(anonymous_31)
FN:348,(anonymous_32)
FN:363,(anonymous_33)
FN:373,(anonymous_34)
FN:379,(anonymous_35)
FN:381,(anonymous_36)
FN:384,(anonymous_37)
FN:389,(anonymous_38)
FN:398,(anonymous_39)
FN:425,(anonymous_40)
FN:432,(anonymous_41)
FN:452,(anonymous_42)
FN:456,(anonymous_43)
FN:460,(anonymous_44)
FN:464,(anonymous_45)
FNF:46
FNH:29
FNDA:1,(anonymous_0)
FNDA:21,(anonymous_1)
FNDA:1,(anonymous_2)
FNDA:0,(anonymous_3)
FNDA:1,(anonymous_4)
FNDA:0,(anonymous_5)
FNDA:0,(anonymous_6)
FNDA:1,(anonymous_7)
FNDA:1,(anonymous_8)
FNDA:1,(anonymous_9)
FNDA:6,(anonymous_10)
FNDA:20,(anonymous_11)
FNDA:20,(anonymous_12)
FNDA:2,(anonymous_13)
FNDA:1,(anonymous_14)
FNDA:1,(anonymous_15)
FNDA:1,(anonymous_16)
FNDA:0,(anonymous_17)
FNDA:0,(anonymous_18)
FNDA:0,(anonymous_19)
FNDA:0,(anonymous_20)
FNDA:2,(anonymous_21)
FNDA:2,(anonymous_22)
FNDA:1,(anonymous_23)
FNDA:7,(anonymous_24)
FNDA:1,(anonymous_25)
FNDA:4,(anonymous_26)
FNDA:0,(anonymous_27)
FNDA:0,(anonymous_28)
FNDA:1,(anonymous_29)
FNDA:5,(anonymous_30)
FNDA:1,(anonymous_31)
FNDA:1,(anonymous_32)
FNDA:33,(anonymous_33)
FNDA:1,(anonymous_34)
FNDA:1,(anonymous_35)
FNDA:1,(anonymous_36)
FNDA:0,(anonymous_37)
FNDA:0,(anonymous_38)
FNDA:1,(anonymous_39)
FNDA:0,(anonymous_40)
FNDA:0,(anonymous_41)
FNDA:0,(anonymous_42)
FNDA:0,(anonymous_43)
FNDA:0,(anonymous_44)
FNDA:0,(anonymous_45)
DA:38,1
DA:39,1
DA:40,1
DA:41,1
DA:47,1
DA:48,1
DA:55,1
DA:56,1
DA:59,1
DA:60,1
DA:61,1
DA:62,1
DA:65,1
DA:66,1
DA:67,1
DA:68,1
DA:69,1
DA:72,1
DA:73,1
DA:76,1
DA:81,1
DA:84,1
DA:85,1
DA:86,1
DA:88,1
DA:89,1
DA:91,1
DA:92,1
DA:93,1
DA:97,21
DA:98,1
DA:100,21
DA:104,1
DA:105,0
DA:106,0
DA:109,1
DA:110,1
DA:112,1
DA:113,0
DA:114,0
DA:118,1
DA:122,1
DA:124,1
DA:125,1
DA:127,1
DA:128,0
DA:129,0
DA:132,1
DA:136,0
DA:143,1
DA:147,1
DA:151,1
DA:155,6
DA:156,0
DA:159,6
DA:163,6
DA:164,6
DA:167,0
DA:177,20
DA:178,20
DA:179,16
DA:183,2
DA:184,2
DA:185,0
DA:190,1
DA:191,1
DA:192,0
DA:197,1
DA:198,1
DA:199,0
DA:204,1
DA:205,1
DA:206,0
DA:211,0
DA:215,0
DA:219,0
DA:223,0
DA:229,2
DA:230,2
DA:232,2
DA:233,2
DA:238,2
DA:239,2
DA:241,2
DA:242,1
DA:243,1
DA:246,1
DA:247,1
DA:249,1
DA:250,1
DA:253,1
DA:257,1
DA:261,7
DA:265,1
DA:266,1
DA:268,1
DA:269,1
DA:270,1
DA:271,0
DA:277,4
DA:283,0
DA:287,0
DA:296,1
DA:297,1
DA:298,1
DA:299,1
DA:305,5
DA:306,5
DA:308,5
DA:345,1
DA:349,1
DA:350,1
DA:351,1
DA:363,1
DA:364,33
DA:365,32
DA:368,0
DA:369,0
DA:374,1
DA:380,1
DA:381,1
DA:385,0
DA:386,0
DA:387,0
DA:389,0
DA:390,0
DA:391,0
DA:399,1
DA:401,1
DA:425,0
DA:433,0
DA:434,0
DA:435,0
DA:436,0
DA:437,0
DA:438,0
DA:439,0
DA:440,0
DA:441,0
DA:442,0
DA:443,0
DA:444,0
DA:445,0
DA:446,0
DA:450,1
DA:452,1
DA:453,0
DA:456,1
DA:457,0
DA:460,1
DA:461,0
DA:464,1
DA:465,0
LF:153
LH:106
BRDA:88,0,0,1
BRDA:88,0,1,1
BRDA:89,1,0,0
BRDA:89,1,1,1
BRDA:97,2,0,1
BRDA:97,2,1,20
BRDA:104,3,0,0
BRDA:104,3,1,1
BRDA:112,4,0,0
BRDA:112,4,1,1
BRDA:112,5,0,1
BRDA:112,5,1,1
BRDA:112,5,2,1
BRDA:122,6,0,0
BRDA:122,6,1,1
BRDA:127,7,0,0
BRDA:127,7,1,1
BRDA:155,8,0,0
BRDA:155,8,1,6
BRDA:155,9,0,6
BRDA:155,9,1,6
BRDA:163,10,0,6
BRDA:163,10,1,0
BRDA:177,11,0,4
BRDA:177,11,1,16
BRDA:184,12,0,0
BRDA:184,12,1,2
BRDA:191,13,0,0
BRDA:191,13,1,1
BRDA:198,14,0,0
BRDA:198,14,1,1
BRDA:205,15,0,0
BRDA:205,15,1,1
BRDA:232,16,0,2
BRDA:232,16,1,0
BRDA:232,17,0,2
BRDA:232,17,1,2
BRDA:241,18,0,1
BRDA:241,18,1,1
BRDA:241,19,0,2
BRDA:241,19,1,1
BRDA:249,20,0,1
BRDA:249,20,1,0
BRDA:249,21,0,1
BRDA:249,21,1,1
BRDA:268,22,0,1
BRDA:268,22,1,0
BRDA:268,23,0,1
BRDA:268,23,1,1
BRDA:296,24,0,1
BRDA:296,24,1,0
BRDA:297,25,0,1
BRDA:297,25,1,0
BRDA:298,26,0,1
BRDA:298,26,1,0
BRDA:299,27,0,1
BRDA:299,27,1,0
BRDA:328,28,0,5
BRDA:328,28,1,5
BRDA:329,29,0,5
BRDA:329,29,1,5
BRDA:330,30,0,5
BRDA:330,30,1,5
BRDA:331,31,0,5
BRDA:331,31,1,5
BRDA:332,32,0,5
BRDA:332,32,1,5
BRDA:359,33,0,1
BRDA:359,33,1,0
BRDA:364,34,0,1
BRDA:364,34,1,32
BRDA:418,35,0,0
BRDA:418,35,1,1
BRDA:419,36,0,0
BRDA:419,36,1,1
BRDA:420,37,0,0
BRDA:420,37,1,1
BRDA:421,38,0,0
BRDA:421,38,1,1
BRDA:422,39,0,0
BRDA:422,39,1,1
BRDA:424,40,0,1
BRDA:424,40,1,1
BRF:83
BRH:59
end_of_record
TN:
SF:src\lib\performance\PositionInterpolator.ts
FN:80,(anonymous_0)
FN:102,(anonymous_1)
FN:147,(anonymous_2)
FN:194,(anonymous_3)
FN:271,(anonymous_4)
FN:274,(anonymous_5)
FN:294,(anonymous_6)
FN:308,(anonymous_7)
FN:319,(anonymous_8)
FN:331,(anonymous_9)
FN:342,(anonymous_10)
FN:351,(anonymous_11)
FNF:12
FNH:12
FNDA:23,(anonymous_0)
FNDA:22,(anonymous_1)
FNDA:12,(anonymous_2)
FNDA:10,(anonymous_3)
FNDA:2,(anonymous_4)
FNDA:2,(anonymous_5)
FNDA:1,(anonymous_6)
FNDA:1,(anonymous_7)
FNDA:5,(anonymous_8)
FNDA:7,(anonymous_9)
FNDA:1,(anonymous_10)
FNDA:3,(anonymous_11)
DA:15,1
DA:68,1
DA:81,23
DA:82,23
DA:103,22
DA:104,22
DA:106,22
DA:108,2
DA:110,2
DA:121,20
DA:148,12
DA:150,12
DA:152,1
DA:156,11
DA:158,11
DA:160,1
DA:163,10
DA:164,10
DA:167,10
DA:170,10
DA:174,10
DA:180,10
DA:196,10
DA:197,8
DA:200,6
DA:201,6
DA:204,6
DA:205,2
DA:213,4
DA:214,4
DA:217,4
DA:220,4
DA:223,4
DA:226,4
DA:227,4
DA:235,0
DA:236,0
DA:237,0
DA:240,0
DA:247,0
DA:250,0
DA:272,2
DA:274,2
DA:275,2
DA:276,2
DA:279,2
DA:295,1
DA:309,1
DA:320,5
DA:332,7
DA:343,1
DA:352,3
LF:52
LH:46
BRDA:80,0,0,22
BRDA:106,1,0,2
BRDA:106,1,1,20
BRDA:150,2,0,1
BRDA:150,2,1,11
BRDA:158,3,0,1
BRDA:158,3,1,10
BRDA:196,4,0,2
BRDA:196,4,1,8
BRDA:197,5,0,2
BRDA:197,5,1,6
BRDA:204,6,0,2
BRDA:204,6,1,4
BRDA:204,7,0,6
BRDA:204,7,1,4
BRDA:226,8,0,4
BRDA:226,8,1,0
BRF:17
BRH:16
end_of_record
TN:
SF:src\lib\performance\QualityController.ts
FN:46,(anonymous_0)
FN:114,(anonymous_1)
FN:164,(anonymous_2)
FN:215,(anonymous_3)
FN:243,(anonymous_4)
FN:274,(anonymous_5)
FN:291,(anonymous_6)
FN:306,(anonymous_7)
FN:315,(anonymous_8)
FN:346,(anonymous_9)
FN:355,(anonymous_10)
FN:365,(anonymous_11)
FN:374,(anonymous_12)
FN:383,(anonymous_13)
FN:392,(anonymous_14)
FN:401,(anonymous_15)
FNF:16
FNH:16
FNDA:1,(anonymous_0)
FNDA:20,(anonymous_1)
FNDA:15,(anonymous_2)
FNDA:2,(anonymous_3)
FNDA:2,(anonymous_4)
FNDA:10,(anonymous_5)
FNDA:2,(anonymous_6)
FNDA:12,(anonymous_7)
FNDA:10,(anonymous_8)
FNDA:2,(anonymous_9)
FNDA:2,(anonymous_10)
FNDA:1,(anonymous_11)
FNDA:3,(anonymous_12)
FNDA:7,(anonymous_13)
FNDA:1,(anonymous_14)
FNDA:1,(anonymous_15)
DA:17,1
DA:46,1
DA:48,1
DA:50,1
DA:52,1
DA:78,1
DA:115,20
DA:118,20
DA:124,20
DA:125,20
DA:128,20
DA:129,20
DA:132,20
DA:133,20
DA:136,20
DA:139,20
DA:165,15
DA:168,15
DA:169,2
DA:172,13
DA:175,13
DA:176,7
DA:177,4
DA:178,3
DA:180,2
DA:181,2
DA:182,2
DA:183,2
DA:187,6
DA:191,13
DA:192,6
DA:193,3
DA:194,3
DA:196,2
DA:197,2
DA:198,2
DA:199,2
DA:203,7
DA:216,2
DA:218,1
DA:221,1
DA:223,0
DA:224,0
DA:225,0
DA:226,1
DA:228,1
DA:229,1
DA:230,1
DA:231,1
DA:244,2
DA:246,1
DA:249,1
DA:251,1
DA:252,1
DA:253,1
DA:254,1
DA:255,0
DA:257,0
DA:258,0
DA:259,0
DA:275,10
DA:292,2
DA:298,2
DA:307,12
DA:316,10
DA:319,10
DA:321,5
DA:322,5
DA:323,5
DA:324,5
DA:326,1
DA:327,1
DA:328,1
DA:329,1
DA:331,4
DA:332,4
DA:333,4
DA:334,4
DA:338,10
DA:347,2
DA:356,2
DA:366,1
DA:375,3
DA:384,7
DA:393,1
DA:402,1
DA:403,1
DA:404,1
DA:405,1
DA:407,1
LF:90
LH:83
BRDA:46,0,0,1
BRDA:46,0,1,1
BRDA:168,1,0,2
BRDA:168,1,1,13
BRDA:175,2,0,7
BRDA:175,2,1,6
BRDA:176,3,0,4
BRDA:176,3,1,3
BRDA:178,4,0,2
BRDA:178,4,1,1
BRDA:191,5,0,6
BRDA:191,5,1,7
BRDA:192,6,0,3
BRDA:192,6,1,3
BRDA:194,7,0,2
BRDA:194,7,1,1
BRDA:216,8,0,1
BRDA:216,8,1,1
BRDA:221,9,0,0
BRDA:221,9,1,1
BRDA:226,10,0,1
BRDA:226,10,1,0
BRDA:244,11,0,1
BRDA:244,11,1,1
BRDA:249,12,0,1
BRDA:249,12,1,0
BRDA:255,13,0,0
BRDA:255,13,1,0
BRDA:319,14,0,5
BRDA:319,14,1,1
BRDA:319,14,2,4
BRF:31
BRH:26
end_of_record
TN:
SF:src\lib\performance\WebVitalsCollector.ts
FN:13,(anonymous_9)
FN:16,(anonymous_10)
FN:20,(anonymous_11)
FN:22,(anonymous_12)
FN:23,(anonymous_13)
FN:24,(anonymous_14)
FN:25,(anonymous_15)
FN:26,(anonymous_16)
FN:32,(anonymous_17)
FN:36,(anonymous_18)
FNF:10
FNH:10
FNDA:7,(anonymous_9)
FNDA:4,(anonymous_10)
FNDA:4,(anonymous_11)
FNDA:1,(anonymous_12)
FNDA:1,(anonymous_13)
FNDA:1,(anonymous_14)
FNDA:1,(anonymous_15)
FNDA:1,(anonymous_16)
FNDA:11,(anonymous_17)
FNDA:1,(anonymous_18)
DA:13,2
DA:14,7
DA:17,4
DA:19,4
DA:20,8
DA:22,4
DA:23,3
DA:24,3
DA:25,3
DA:26,3
DA:28,1
DA:33,11
DA:37,1
LF:13
LH:13
BRDA:17,0,0,0
BRDA:17,0,1,4
BRF:2
BRH:1
end_of_record
TN:
SF:src\lib\performance\performanceConfig.ts
FN:64,isDevelopment
FN:79,logDebug
FN:89,logError
FNF:3
FNH:1
FNDA:2,isDevelopment
FNDA:0,logDebug
FNDA:0,logError
DA:64,2
DA:65,2
DA:79,2
DA:89,2
DA:90,0
DA:96,2
LF:6
LH:5
BRF:0
BRH:0
end_of_record
